[2026-07-15T04:41:04.703+0000] {local_task_job_runner.py:123} INFO - ::group::Pre task execution logs
[2026-07-15T04:41:04.713+0000] {taskinstance.py:2614} INFO - Dependencies all met for dep_context=non-requeueable deps ti=<TaskInstance: healthcare_pipeline.dbt_run manual__2026-07-15T04:40:33.657720+00:00 [queued]>
[2026-07-15T04:41:04.717+0000] {taskinstance.py:2614} INFO - Dependencies all met for dep_context=requeueable deps ti=<TaskInstance: healthcare_pipeline.dbt_run manual__2026-07-15T04:40:33.657720+00:00 [queued]>
[2026-07-15T04:41:04.718+0000] {taskinstance.py:2867} INFO - Starting attempt 1 of 1
[2026-07-15T04:41:04.722+0000] {taskinstance.py:2890} INFO - Executing <Task(BashOperator): dbt_run> on 2026-07-15 04:40:33.657720+00:00
[2026-07-15T04:41:04.724+0000] {standard_task_runner.py:72} INFO - Started process 418 to run task
[2026-07-15T04:41:04.725+0000] {standard_task_runner.py:104} INFO - Running: ['***', 'tasks', 'run', 'healthcare_pipeline', 'dbt_run', 'manual__2026-07-15T04:40:33.657720+00:00', '--job-id', '293', '--raw', '--subdir', 'DAGS_FOLDER/healthcare_pipeline.py', '--cfg-path', '/tmp/tmp6i8lyrci']
[2026-07-15T04:41:04.726+0000] {standard_task_runner.py:105} INFO - Job 293: Subtask dbt_run
[2026-07-15T04:41:04.749+0000] {task_command.py:467} INFO - Running <TaskInstance: healthcare_pipeline.dbt_run manual__2026-07-15T04:40:33.657720+00:00 [running]> on host 731f2df5a779
[2026-07-15T04:41:04.783+0000] {taskinstance.py:3134} INFO - Exporting env vars: AIRFLOW_CTX_DAG_OWNER='***' AIRFLOW_CTX_DAG_ID='healthcare_pipeline' AIRFLOW_CTX_TASK_ID='dbt_run' AIRFLOW_CTX_EXECUTION_DATE='2026-07-15T04:40:33.657720+00:00' AIRFLOW_CTX_TRY_NUMBER='1' AIRFLOW_CTX_DAG_RUN_ID='manual__2026-07-15T04:40:33.657720+00:00'
[2026-07-15T04:41:04.784+0000] {taskinstance.py:732} INFO - ::endgroup::
[2026-07-15T04:41:04.790+0000] {subprocess.py:78} INFO - Tmp dir root location: /tmp
[2026-07-15T04:41:04.790+0000] {subprocess.py:88} INFO - Running command: ['/usr/bin/bash', '-c', 'cd /opt/***/dbt_project && dbt run']
[2026-07-15T04:41:04.794+0000] {subprocess.py:99} INFO - Output:
[2026-07-15T04:41:05.883+0000] {subprocess.py:106} INFO - [0m04:41:05  Running with dbt=1.12.0-rc1
[2026-07-15T04:41:05.991+0000] {subprocess.py:106} INFO - [0m04:41:05  Registered adapter: postgres=1.10.2
[2026-07-15T04:41:06.072+0000] {subprocess.py:106} INFO - [0m04:41:06  Unable to do partial parsing because profile has changed
[2026-07-15T04:41:06.618+0000] {subprocess.py:106} INFO - [0m04:41:06  [[33mWARNING[0m]: Configuration paths exist in your dbt_project.yml file which do not apply to any resources.
[2026-07-15T04:41:06.618+0000] {subprocess.py:106} INFO - There are 1 unused configuration paths:
[2026-07-15T04:41:06.618+0000] {subprocess.py:106} INFO - - models.dbt_project.example
[2026-07-15T04:41:06.683+0000] {subprocess.py:106} INFO - [0m04:41:06  Found 19 models, 7 sources, 475 macros
[2026-07-15T04:41:06.685+0000] {subprocess.py:106} INFO - [0m04:41:06
[2026-07-15T04:41:06.685+0000] {subprocess.py:106} INFO - [0m04:41:06  Concurrency: 4 threads (target='dev')
[2026-07-15T04:41:06.685+0000] {subprocess.py:106} INFO - [0m04:41:06
[2026-07-15T04:41:06.743+0000] {subprocess.py:106} INFO - [0m04:41:06  1 of 19 START sql view model public.dim_date ................................... [RUN]
[2026-07-15T04:41:06.743+0000] {subprocess.py:106} INFO - [0m04:41:06  2 of 19 START sql view model public.stg_claims ................................. [RUN]
[2026-07-15T04:41:06.744+0000] {subprocess.py:106} INFO - [0m04:41:06  3 of 19 START sql view model public.stg_encounters ............................. [RUN]
[2026-07-15T04:41:06.744+0000] {subprocess.py:106} INFO - [0m04:41:06  4 of 19 START sql view model public.stg_observations ........................... [RUN]
[2026-07-15T04:41:06.901+0000] {subprocess.py:106} INFO - [0m04:41:06  4 of 19 OK created sql view model public.stg_observations ...................... [[32mCREATE VIEW[0m in 0.15s]
[2026-07-15T04:41:06.902+0000] {subprocess.py:106} INFO - [0m04:41:06  2 of 19 OK created sql view model public.stg_claims ............................ [[32mCREATE VIEW[0m in 0.16s]
[2026-07-15T04:41:06.902+0000] {subprocess.py:106} INFO - [0m04:41:06  1 of 19 OK created sql view model public.dim_date .............................. [[32mCREATE VIEW[0m in 0.16s]
[2026-07-15T04:41:06.902+0000] {subprocess.py:106} INFO - [0m04:41:06  3 of 19 OK created sql view model public.stg_encounters ........................ [[32mCREATE VIEW[0m in 0.16s]
[2026-07-15T04:41:06.905+0000] {subprocess.py:106} INFO - [0m04:41:06  5 of 19 START sql view model public.stg_organizations .......................... [RUN]
[2026-07-15T04:41:06.905+0000] {subprocess.py:106} INFO - [0m04:41:06  6 of 19 START sql view model public.stg_patients ............................... [RUN]
[2026-07-15T04:41:06.905+0000] {subprocess.py:106} INFO - [0m04:41:06  7 of 19 START sql view model public.stg_payers ................................. [RUN]
[2026-07-15T04:41:06.906+0000] {subprocess.py:106} INFO - [0m04:41:06  8 of 19 START sql view model public.stg_providers .............................. [RUN]
[2026-07-15T04:41:06.966+0000] {subprocess.py:106} INFO - [0m04:41:06  5 of 19 OK created sql view model public.stg_organizations ..................... [[32mCREATE VIEW[0m in 0.06s]
[2026-07-15T04:41:06.970+0000] {subprocess.py:106} INFO - [0m04:41:06  9 of 19 START sql view model public.fact_lab_result ............................ [RUN]
[2026-07-15T04:41:06.970+0000] {subprocess.py:106} INFO - [0m04:41:06  8 of 19 OK created sql view model public.stg_providers ......................... [[32mCREATE VIEW[0m in 0.06s]
[2026-07-15T04:41:06.972+0000] {subprocess.py:106} INFO - [0m04:41:06  7 of 19 OK created sql view model public.stg_payers ............................ [[32mCREATE VIEW[0m in 0.06s]
[2026-07-15T04:41:06.973+0000] {subprocess.py:106} INFO - [0m04:41:06  6 of 19 OK created sql view model public.stg_patients .......................... [[32mCREATE VIEW[0m in 0.07s]
[2026-07-15T04:41:06.975+0000] {subprocess.py:106} INFO - [0m04:41:06  10 of 19 START sql view model public.fact_claim_line ........................... [RUN]
[2026-07-15T04:41:06.977+0000] {subprocess.py:106} INFO - [0m04:41:06  11 of 19 START sql view model public.fact_encounter ............................ [RUN]
[2026-07-15T04:41:06.978+0000] {subprocess.py:106} INFO - [0m04:41:06  12 of 19 START sql view model public.dim_facility .............................. [RUN]
[2026-07-15T04:41:07.023+0000] {subprocess.py:106} INFO - [0m04:41:07  9 of 19 OK created sql view model public.fact_lab_result ....................... [[32mCREATE VIEW[0m in 0.05s]
[2026-07-15T04:41:07.025+0000] {subprocess.py:106} INFO - [0m04:41:07  10 of 19 OK created sql view model public.fact_claim_line ...................... [[32mCREATE VIEW[0m in 0.05s]
[2026-07-15T04:41:07.027+0000] {subprocess.py:106} INFO - [0m04:41:07  11 of 19 OK created sql view model public.fact_encounter ....................... [[32mCREATE VIEW[0m in 0.05s]
[2026-07-15T04:41:07.027+0000] {subprocess.py:106} INFO - [0m04:41:07  13 of 19 START sql view model public.dim_provider .............................. [RUN]
[2026-07-15T04:41:07.027+0000] {subprocess.py:106} INFO - [0m04:41:07  12 of 19 OK created sql view model public.dim_facility ......................... [[32mCREATE VIEW[0m in 0.05s]
[2026-07-15T04:41:07.029+0000] {subprocess.py:106} INFO - [0m04:41:07  14 of 19 START sql view model public.dim_insurance_plan ........................ [RUN]
[2026-07-15T04:41:07.030+0000] {subprocess.py:106} INFO - [0m04:41:07  15 of 19 START sql view model public.dim_patient ............................... [RUN]
[2026-07-15T04:41:07.032+0000] {subprocess.py:106} INFO - [0m04:41:07  16 of 19 START sql view model public.vw_patient_volume_trend ................... [RUN]
[2026-07-15T04:41:07.077+0000] {subprocess.py:106} INFO - [0m04:41:07  13 of 19 OK created sql view model public.dim_provider ......................... [[32mCREATE VIEW[0m in 0.05s]
[2026-07-15T04:41:07.081+0000] {subprocess.py:106} INFO - [0m04:41:07  17 of 19 START sql view model public.vw_length_of_stay_by_facility ............. [RUN]
[2026-07-15T04:41:07.082+0000] {subprocess.py:106} INFO - [0m04:41:07  14 of 19 OK created sql view model public.dim_insurance_plan ................... [[32mCREATE VIEW[0m in 0.05s]
[2026-07-15T04:41:07.082+0000] {subprocess.py:106} INFO - [0m04:41:07  16 of 19 OK created sql view model public.vw_patient_volume_trend .............. [[32mCREATE VIEW[0m in 0.05s]
[2026-07-15T04:41:07.083+0000] {subprocess.py:106} INFO - [0m04:41:07  15 of 19 OK created sql view model public.dim_patient .......................... [[32mCREATE VIEW[0m in 0.05s]
[2026-07-15T04:41:07.087+0000] {subprocess.py:106} INFO - [0m04:41:07  18 of 19 START sql view model public.vw_readmission_rate ....................... [RUN]
[2026-07-15T04:41:07.087+0000] {subprocess.py:106} INFO - [0m04:41:07  19 of 19 START sql view model public.vw_revenue_by_facility .................... [RUN]
[2026-07-15T04:41:07.124+0000] {subprocess.py:106} INFO - [0m04:41:07  17 of 19 OK created sql view model public.vw_length_of_stay_by_facility ........ [[32mCREATE VIEW[0m in 0.04s]
[2026-07-15T04:41:07.125+0000] {subprocess.py:106} INFO - [0m04:41:07  19 of 19 OK created sql view model public.vw_revenue_by_facility ............... [[32mCREATE VIEW[0m in 0.04s]
[2026-07-15T04:41:07.126+0000] {subprocess.py:106} INFO - [0m04:41:07  18 of 19 OK created sql view model public.vw_readmission_rate .................. [[32mCREATE VIEW[0m in 0.04s]
[2026-07-15T04:41:07.133+0000] {subprocess.py:106} INFO - [0m04:41:07
[2026-07-15T04:41:07.134+0000] {subprocess.py:106} INFO - [0m04:41:07  Finished running 19 view models in 0 hours 0 minutes and 0.45 seconds (0.45s).
[2026-07-15T04:41:07.165+0000] {subprocess.py:106} INFO - [0m04:41:07
[2026-07-15T04:41:07.165+0000] {subprocess.py:106} INFO - [0m04:41:07  [32mCompleted successfully[0m
[2026-07-15T04:41:07.165+0000] {subprocess.py:106} INFO - [0m04:41:07
[2026-07-15T04:41:07.165+0000] {subprocess.py:106} INFO - [0m04:41:07  Done. PASS=19 WARN=0 ERROR=0 SKIP=0 NO-OP=0 REUSED=0 TOTAL=19
[2026-07-15T04:41:09.109+0000] {subprocess.py:110} INFO - Command exited with return code 0
[2026-07-15T04:41:09.131+0000] {taskinstance.py:341} INFO - ::group::Post task execution logs
[2026-07-15T04:41:09.131+0000] {taskinstance.py:353} INFO - Marking task as SUCCESS. dag_id=healthcare_pipeline, task_id=dbt_run, run_id=manual__2026-07-15T04:40:33.657720+00:00, execution_date=20260715T044033, start_date=20260715T044104, end_date=20260715T044109
[2026-07-15T04:41:09.173+0000] {local_task_job_runner.py:266} INFO - Task exited with return code 0
[2026-07-15T04:41:09.186+0000] {taskinstance.py:3901} INFO - 0 downstream tasks scheduled from follow-on schedule check
[2026-07-15T04:41:09.186+0000] {local_task_job_runner.py:245} INFO - ::endgroup::
