[2026-07-13T01:16:14.680+0000] {local_task_job_runner.py:123} INFO - ::group::Pre task execution logs
[2026-07-13T01:16:14.689+0000] {taskinstance.py:2614} INFO - Dependencies all met for dep_context=non-requeueable deps ti=<TaskInstance: healthcare_pipeline.dbt_run scheduled__2026-07-12T00:00:00+00:00 [queued]>
[2026-07-13T01:16:14.693+0000] {taskinstance.py:2614} INFO - Dependencies all met for dep_context=requeueable deps ti=<TaskInstance: healthcare_pipeline.dbt_run scheduled__2026-07-12T00:00:00+00:00 [queued]>
[2026-07-13T01:16:14.693+0000] {taskinstance.py:2867} INFO - Starting attempt 1 of 1
[2026-07-13T01:16:14.698+0000] {taskinstance.py:2890} INFO - Executing <Task(BashOperator): dbt_run> on 2026-07-12 00:00:00+00:00
[2026-07-13T01:16:14.700+0000] {standard_task_runner.py:72} INFO - Started process 1047 to run task
[2026-07-13T01:16:14.702+0000] {standard_task_runner.py:104} INFO - Running: ['***', 'tasks', 'run', 'healthcare_pipeline', 'dbt_run', 'scheduled__2026-07-12T00:00:00+00:00', '--job-id', '244', '--raw', '--subdir', 'DAGS_FOLDER/healthcare_pipeline.py', '--cfg-path', '/tmp/tmp46pj3xer']
[2026-07-13T01:16:14.702+0000] {standard_task_runner.py:105} INFO - Job 244: Subtask dbt_run
[2026-07-13T01:16:14.726+0000] {task_command.py:467} INFO - Running <TaskInstance: healthcare_pipeline.dbt_run scheduled__2026-07-12T00:00:00+00:00 [running]> on host 94b22ff46e29
[2026-07-13T01:16:14.762+0000] {taskinstance.py:3134} INFO - Exporting env vars: AIRFLOW_CTX_DAG_OWNER='***' AIRFLOW_CTX_DAG_ID='healthcare_pipeline' AIRFLOW_CTX_TASK_ID='dbt_run' AIRFLOW_CTX_EXECUTION_DATE='2026-07-12T00:00:00+00:00' AIRFLOW_CTX_TRY_NUMBER='1' AIRFLOW_CTX_DAG_RUN_ID='scheduled__2026-07-12T00:00:00+00:00'
[2026-07-13T01:16:14.762+0000] {taskinstance.py:732} INFO - ::endgroup::
[2026-07-13T01:16:14.768+0000] {subprocess.py:78} INFO - Tmp dir root location: /tmp
[2026-07-13T01:16:14.768+0000] {subprocess.py:88} INFO - Running command: ['/usr/bin/bash', '-c', 'cd /opt/***/dbt_project && dbt run']
[2026-07-13T01:16:14.772+0000] {subprocess.py:99} INFO - Output:
[2026-07-13T01:16:15.956+0000] {subprocess.py:106} INFO - [0m01:16:15  Running with dbt=1.12.0-rc1
[2026-07-13T01:16:16.077+0000] {subprocess.py:106} INFO - [0m01:16:16  Registered adapter: postgres=1.10.2
[2026-07-13T01:16:16.375+0000] {subprocess.py:106} INFO - [0m01:16:16  [[33mWARNING[0m]: Configuration paths exist in your dbt_project.yml file which do not apply to any resources.
[2026-07-13T01:16:16.375+0000] {subprocess.py:106} INFO - There are 1 unused configuration paths:
[2026-07-13T01:16:16.376+0000] {subprocess.py:106} INFO - - models.dbt_project.example
[2026-07-13T01:16:16.453+0000] {subprocess.py:106} INFO - [0m01:16:16  Found 17 models, 7 sources, 475 macros
[2026-07-13T01:16:16.455+0000] {subprocess.py:106} INFO - [0m01:16:16
[2026-07-13T01:16:16.455+0000] {subprocess.py:106} INFO - [0m01:16:16  Concurrency: 4 threads (target='dev')
[2026-07-13T01:16:16.455+0000] {subprocess.py:106} INFO - [0m01:16:16
[2026-07-13T01:16:16.514+0000] {subprocess.py:106} INFO - [0m01:16:16  1 of 16 START sql view model public.dim_date ................................... [RUN]
[2026-07-13T01:16:16.514+0000] {subprocess.py:106} INFO - [0m01:16:16  2 of 16 START sql view model public.stg_claims ................................. [RUN]
[2026-07-13T01:16:16.515+0000] {subprocess.py:106} INFO - [0m01:16:16  3 of 16 START sql view model public.stg_encounters ............................. [RUN]
[2026-07-13T01:16:16.515+0000] {subprocess.py:106} INFO - [0m01:16:16  4 of 16 START sql view model public.stg_observations ........................... [RUN]
[2026-07-13T01:16:16.621+0000] {subprocess.py:106} INFO - [0m01:16:16  3 of 16 OK created sql view model public.stg_encounters ........................ [[32mCREATE VIEW[0m in 0.10s]
[2026-07-13T01:16:16.626+0000] {subprocess.py:106} INFO - [0m01:16:16  5 of 16 START sql view model public.stg_organizations .......................... [RUN]
[2026-07-13T01:16:16.626+0000] {subprocess.py:106} INFO - [0m01:16:16  1 of 16 OK created sql view model public.dim_date .............................. [[32mCREATE VIEW[0m in 0.11s]
[2026-07-13T01:16:16.628+0000] {subprocess.py:106} INFO - [0m01:16:16  2 of 16 OK created sql view model public.stg_claims ............................ [[32mCREATE VIEW[0m in 0.11s]
[2026-07-13T01:16:16.628+0000] {subprocess.py:106} INFO - [0m01:16:16  4 of 16 OK created sql view model public.stg_observations ...................... [[32mCREATE VIEW[0m in 0.11s]
[2026-07-13T01:16:16.631+0000] {subprocess.py:106} INFO - [0m01:16:16  6 of 16 START sql view model public.stg_patients ............................... [RUN]
[2026-07-13T01:16:16.633+0000] {subprocess.py:106} INFO - [0m01:16:16  7 of 16 START sql view model public.stg_payers ................................. [RUN]
[2026-07-13T01:16:16.633+0000] {subprocess.py:106} INFO - [0m01:16:16  8 of 16 START sql view model public.stg_providers .............................. [RUN]
[2026-07-13T01:16:16.685+0000] {subprocess.py:106} INFO - [0m01:16:16  5 of 16 OK created sql view model public.stg_organizations ..................... [[32mCREATE VIEW[0m in 0.06s]
[2026-07-13T01:16:16.693+0000] {subprocess.py:106} INFO - [0m01:16:16  9 of 16 START sql view model public.fact_encounter ............................. [RUN]
[2026-07-13T01:16:16.701+0000] {subprocess.py:106} INFO - [0m01:16:16  6 of 16 OK created sql view model public.stg_patients .......................... [[32mCREATE VIEW[0m in 0.07s]
[2026-07-13T01:16:16.701+0000] {subprocess.py:106} INFO - [0m01:16:16  8 of 16 OK created sql view model public.stg_providers ......................... [[32mCREATE VIEW[0m in 0.07s]
[2026-07-13T01:16:16.704+0000] {subprocess.py:106} INFO - [0m01:16:16  7 of 16 OK created sql view model public.stg_payers ............................ [[32mCREATE VIEW[0m in 0.07s]
[2026-07-13T01:16:16.706+0000] {subprocess.py:106} INFO - [0m01:16:16  10 of 16 START sql view model public.fact_claim_line ........................... [RUN]
[2026-07-13T01:16:16.707+0000] {subprocess.py:106} INFO - [0m01:16:16  11 of 16 START sql view model public.fact_lab_result ........................... [RUN]
[2026-07-13T01:16:16.707+0000] {subprocess.py:106} INFO - [0m01:16:16  12 of 16 START sql view model public.dim_facility .............................. [RUN]
[2026-07-13T01:16:16.744+0000] {subprocess.py:106} INFO - [0m01:16:16  9 of 16 OK created sql view model public.fact_encounter ........................ [[32mCREATE VIEW[0m in 0.05s]
[2026-07-13T01:16:16.749+0000] {subprocess.py:106} INFO - [0m01:16:16  13 of 16 START sql view model public.dim_patient ............................... [RUN]
[2026-07-13T01:16:16.765+0000] {subprocess.py:106} INFO - [0m01:16:16  11 of 16 OK created sql view model public.fact_lab_result ...................... [[32mCREATE VIEW[0m in 0.05s]
[2026-07-13T01:16:16.766+0000] {subprocess.py:106} INFO - [0m01:16:16  10 of 16 OK created sql view model public.fact_claim_line ...................... [[32mCREATE VIEW[0m in 0.06s]
[2026-07-13T01:16:16.767+0000] {subprocess.py:106} INFO - [0m01:16:16  12 of 16 OK created sql view model public.dim_facility ......................... [[32mCREATE VIEW[0m in 0.06s]
[2026-07-13T01:16:16.769+0000] {subprocess.py:106} INFO - [0m01:16:16  14 of 16 START sql view model public.dim_provider .............................. [RUN]
[2026-07-13T01:16:16.770+0000] {subprocess.py:106} INFO - [0m01:16:16  15 of 16 START sql view model public.dim_insurance_plan ........................ [RUN]
[2026-07-13T01:16:16.770+0000] {subprocess.py:106} INFO - [0m01:16:16  16 of 16 START sql view model public.vw_length_of_stay_by_facility ............. [RUN]
[2026-07-13T01:16:16.807+0000] {subprocess.py:106} INFO - [0m01:16:16  13 of 16 OK created sql view model public.dim_patient .......................... [[32mCREATE VIEW[0m in 0.05s]
[2026-07-13T01:16:16.822+0000] {subprocess.py:106} INFO - [0m01:16:16  14 of 16 OK created sql view model public.dim_provider ......................... [[32mCREATE VIEW[0m in 0.05s]
[2026-07-13T01:16:16.826+0000] {subprocess.py:106} INFO - [0m01:16:16  15 of 16 OK created sql view model public.dim_insurance_plan ................... [[32mCREATE VIEW[0m in 0.05s]
[2026-07-13T01:16:16.826+0000] {subprocess.py:106} INFO - [0m01:16:16  16 of 16 OK created sql view model public.vw_length_of_stay_by_facility ........ [[32mCREATE VIEW[0m in 0.05s]
[2026-07-13T01:16:16.835+0000] {subprocess.py:106} INFO - [0m01:16:16
[2026-07-13T01:16:16.835+0000] {subprocess.py:106} INFO - [0m01:16:16  Finished running 16 view models in 0 hours 0 minutes and 0.38 seconds (0.38s).
[2026-07-13T01:16:16.870+0000] {subprocess.py:106} INFO - [0m01:16:16
[2026-07-13T01:16:16.870+0000] {subprocess.py:106} INFO - [0m01:16:16  [32mCompleted successfully[0m
[2026-07-13T01:16:16.870+0000] {subprocess.py:106} INFO - [0m01:16:16
[2026-07-13T01:16:16.870+0000] {subprocess.py:106} INFO - [0m01:16:16  Done. PASS=16 WARN=0 ERROR=0 SKIP=0 NO-OP=0 REUSED=0 TOTAL=16
[2026-07-13T01:16:17.053+0000] {subprocess.py:110} INFO - Command exited with return code 0
[2026-07-13T01:16:17.070+0000] {taskinstance.py:341} INFO - ::group::Post task execution logs
[2026-07-13T01:16:17.070+0000] {taskinstance.py:353} INFO - Marking task as SUCCESS. dag_id=healthcare_pipeline, task_id=dbt_run, run_id=scheduled__2026-07-12T00:00:00+00:00, execution_date=20260712T000000, start_date=20260713T011614, end_date=20260713T011617
[2026-07-13T01:16:17.106+0000] {local_task_job_runner.py:266} INFO - Task exited with return code 0
[2026-07-13T01:16:17.116+0000] {taskinstance.py:3901} INFO - 0 downstream tasks scheduled from follow-on schedule check
[2026-07-13T01:16:17.116+0000] {local_task_job_runner.py:245} INFO - ::endgroup::
