[2026-07-14T15:44:41.923+0000] {local_task_job_runner.py:123} INFO - ::group::Pre task execution logs
[2026-07-14T15:44:41.931+0000] {taskinstance.py:2614} INFO - Dependencies all met for dep_context=non-requeueable deps ti=<TaskInstance: healthcare_pipeline.extract_api manual__2026-07-14T15:44:39.838652+00:00 [queued]>
[2026-07-14T15:44:41.933+0000] {taskinstance.py:2614} INFO - Dependencies all met for dep_context=requeueable deps ti=<TaskInstance: healthcare_pipeline.extract_api manual__2026-07-14T15:44:39.838652+00:00 [queued]>
[2026-07-14T15:44:41.933+0000] {taskinstance.py:2867} INFO - Starting attempt 1 of 1
[2026-07-14T15:44:41.938+0000] {taskinstance.py:2890} INFO - Executing <Task(BashOperator): extract_api> on 2026-07-14 15:44:39.838652+00:00
[2026-07-14T15:44:41.940+0000] {standard_task_runner.py:72} INFO - Started process 2042 to run task
[2026-07-14T15:44:41.942+0000] {standard_task_runner.py:104} INFO - Running: ['***', 'tasks', 'run', 'healthcare_pipeline', 'extract_api', 'manual__2026-07-14T15:44:39.838652+00:00', '--job-id', '263', '--raw', '--subdir', 'DAGS_FOLDER/healthcare_pipeline.py', '--cfg-path', '/tmp/tmpganp8oac']
[2026-07-14T15:44:41.943+0000] {standard_task_runner.py:105} INFO - Job 263: Subtask extract_api
[2026-07-14T15:44:41.968+0000] {task_command.py:467} INFO - Running <TaskInstance: healthcare_pipeline.extract_api manual__2026-07-14T15:44:39.838652+00:00 [running]> on host 94b22ff46e29
[2026-07-14T15:44:42.005+0000] {taskinstance.py:3134} INFO - Exporting env vars: AIRFLOW_CTX_DAG_OWNER='***' AIRFLOW_CTX_DAG_ID='healthcare_pipeline' AIRFLOW_CTX_TASK_ID='extract_api' AIRFLOW_CTX_EXECUTION_DATE='2026-07-14T15:44:39.838652+00:00' AIRFLOW_CTX_TRY_NUMBER='1' AIRFLOW_CTX_DAG_RUN_ID='manual__2026-07-14T15:44:39.838652+00:00'
[2026-07-14T15:44:42.006+0000] {taskinstance.py:732} INFO - ::endgroup::
[2026-07-14T15:44:42.012+0000] {subprocess.py:78} INFO - Tmp dir root location: /tmp
[2026-07-14T15:44:42.013+0000] {subprocess.py:88} INFO - Running command: ['/usr/bin/bash', '-c', '\n        python /opt/***/src/extract/extract_api.py\n        ']
[2026-07-14T15:44:42.016+0000] {subprocess.py:99} INFO - Output:
[2026-07-14T15:44:42.544+0000] {subprocess.py:106} INFO - Fetching 'observations' from API...
[2026-07-14T15:44:42.544+0000] {subprocess.py:106} INFO -   Fetched page 1 of 10038 (100 records)
[2026-07-14T15:44:42.544+0000] {subprocess.py:106} INFO - Loaded 100 rows into 'raw_observations.csv'
[2026-07-14T15:44:42.545+0000] {subprocess.py:106} INFO - 
[2026-07-14T15:44:42.545+0000] {subprocess.py:106} INFO - Fetching 'claims' from API...
[2026-07-14T15:44:42.545+0000] {subprocess.py:106} INFO -   Fetched page 1 of 1440 (100 records)
[2026-07-14T15:44:42.545+0000] {subprocess.py:106} INFO - Loaded 100 rows into 'raw_claims.csv'
[2026-07-14T15:44:42.545+0000] {subprocess.py:106} INFO - 
[2026-07-14T15:44:42.545+0000] {subprocess.py:106} INFO - Done. Both API sources extracted into data/raw.
[2026-07-14T15:44:42.580+0000] {subprocess.py:110} INFO - Command exited with return code 0
[2026-07-14T15:44:42.595+0000] {taskinstance.py:341} INFO - ::group::Post task execution logs
[2026-07-14T15:44:42.595+0000] {taskinstance.py:353} INFO - Marking task as SUCCESS. dag_id=healthcare_pipeline, task_id=extract_api, run_id=manual__2026-07-14T15:44:39.838652+00:00, execution_date=20260714T154439, start_date=20260714T154441, end_date=20260714T154442
[2026-07-14T15:44:42.635+0000] {local_task_job_runner.py:266} INFO - Task exited with return code 0
[2026-07-14T15:44:42.647+0000] {taskinstance.py:3901} INFO - 0 downstream tasks scheduled from follow-on schedule check
[2026-07-14T15:44:42.648+0000] {local_task_job_runner.py:245} INFO - ::endgroup::
