[2026-07-10T10:29:13.483+0000] {local_task_job_runner.py:123} INFO - ::group::Pre task execution logs
[2026-07-10T10:29:13.492+0000] {taskinstance.py:2614} INFO - Dependencies all met for dep_context=non-requeueable deps ti=<TaskInstance: healthcare_pipeline.dbt_run manual__2026-07-10T10:28:42.020747+00:00 [queued]>
[2026-07-10T10:29:13.496+0000] {taskinstance.py:2614} INFO - Dependencies all met for dep_context=requeueable deps ti=<TaskInstance: healthcare_pipeline.dbt_run manual__2026-07-10T10:28:42.020747+00:00 [queued]>
[2026-07-10T10:29:13.496+0000] {taskinstance.py:2867} INFO - Starting attempt 1 of 1
[2026-07-10T10:29:13.500+0000] {taskinstance.py:2890} INFO - Executing <Task(BashOperator): dbt_run> on 2026-07-10 10:28:42.020747+00:00
[2026-07-10T10:29:13.502+0000] {standard_task_runner.py:72} INFO - Started process 715 to run task
[2026-07-10T10:29:13.504+0000] {standard_task_runner.py:104} INFO - Running: ['***', 'tasks', 'run', 'healthcare_pipeline', 'dbt_run', 'manual__2026-07-10T10:28:42.020747+00:00', '--job-id', '195', '--raw', '--subdir', 'DAGS_FOLDER/healthcare_pipeline.py', '--cfg-path', '/tmp/tmp91knh1ec']
[2026-07-10T10:29:13.505+0000] {standard_task_runner.py:105} INFO - Job 195: Subtask dbt_run
[2026-07-10T10:29:13.527+0000] {task_command.py:467} INFO - Running <TaskInstance: healthcare_pipeline.dbt_run manual__2026-07-10T10:28:42.020747+00:00 [running]> on host 94b22ff46e29
[2026-07-10T10:29:13.561+0000] {taskinstance.py:3134} INFO - Exporting env vars: AIRFLOW_CTX_DAG_OWNER='***' AIRFLOW_CTX_DAG_ID='healthcare_pipeline' AIRFLOW_CTX_TASK_ID='dbt_run' AIRFLOW_CTX_EXECUTION_DATE='2026-07-10T10:28:42.020747+00:00' AIRFLOW_CTX_TRY_NUMBER='1' AIRFLOW_CTX_DAG_RUN_ID='manual__2026-07-10T10:28:42.020747+00:00'
[2026-07-10T10:29:13.561+0000] {taskinstance.py:732} INFO - ::endgroup::
[2026-07-10T10:29:13.567+0000] {subprocess.py:78} INFO - Tmp dir root location: /tmp
[2026-07-10T10:29:13.567+0000] {subprocess.py:88} INFO - Running command: ['/usr/bin/bash', '-c', 'cd /opt/***/dbt_project && dbt run']
[2026-07-10T10:29:13.571+0000] {subprocess.py:99} INFO - Output:
[2026-07-10T10:29:14.656+0000] {subprocess.py:106} INFO - [0m10:29:14  Running with dbt=1.12.0-rc1
[2026-07-10T10:29:14.765+0000] {subprocess.py:106} INFO - [0m10:29:14  Registered adapter: postgres=1.10.2
[2026-07-10T10:29:15.024+0000] {subprocess.py:106} INFO - [0m10:29:15  [[33mWARNING[0m]: Configuration paths exist in your dbt_project.yml file which do not apply to any resources.
[2026-07-10T10:29:15.024+0000] {subprocess.py:106} INFO - There are 1 unused configuration paths:
[2026-07-10T10:29:15.024+0000] {subprocess.py:106} INFO - - models.dbt_project.example
[2026-07-10T10:29:15.093+0000] {subprocess.py:106} INFO - [0m10:29:15  Found 15 models, 7 sources, 475 macros
[2026-07-10T10:29:15.094+0000] {subprocess.py:106} INFO - [0m10:29:15
[2026-07-10T10:29:15.094+0000] {subprocess.py:106} INFO - [0m10:29:15  Concurrency: 4 threads (target='dev')
[2026-07-10T10:29:15.095+0000] {subprocess.py:106} INFO - [0m10:29:15
[2026-07-10T10:29:15.144+0000] {subprocess.py:106} INFO - [0m10:29:15  1 of 15 START sql view model public.dim_date ................................... [RUN]
[2026-07-10T10:29:15.145+0000] {subprocess.py:106} INFO - [0m10:29:15  2 of 15 START sql view model public.stg_claims ................................. [RUN]
[2026-07-10T10:29:15.145+0000] {subprocess.py:106} INFO - [0m10:29:15  3 of 15 START sql view model public.stg_encounters ............................. [RUN]
[2026-07-10T10:29:15.146+0000] {subprocess.py:106} INFO - [0m10:29:15  4 of 15 START sql view model public.stg_observations ........................... [RUN]
[2026-07-10T10:29:15.243+0000] {subprocess.py:106} INFO - [0m10:29:15  4 of 15 OK created sql view model public.stg_observations ...................... [[32mCREATE VIEW[0m in 0.09s]
[2026-07-10T10:29:15.244+0000] {subprocess.py:106} INFO - [0m10:29:15  1 of 15 OK created sql view model public.dim_date .............................. [[32mCREATE VIEW[0m in 0.10s]
[2026-07-10T10:29:15.244+0000] {subprocess.py:106} INFO - [0m10:29:15  2 of 15 OK created sql view model public.stg_claims ............................ [[32mCREATE VIEW[0m in 0.10s]
[2026-07-10T10:29:15.245+0000] {subprocess.py:106} INFO - [0m10:29:15  3 of 15 OK created sql view model public.stg_encounters ........................ [[32mCREATE VIEW[0m in 0.10s]
[2026-07-10T10:29:15.247+0000] {subprocess.py:106} INFO - [0m10:29:15  5 of 15 START sql view model public.stg_organizations .......................... [RUN]
[2026-07-10T10:29:15.248+0000] {subprocess.py:106} INFO - [0m10:29:15  6 of 15 START sql view model public.stg_patients ............................... [RUN]
[2026-07-10T10:29:15.248+0000] {subprocess.py:106} INFO - [0m10:29:15  7 of 15 START sql view model public.stg_payers ................................. [RUN]
[2026-07-10T10:29:15.248+0000] {subprocess.py:106} INFO - [0m10:29:15  8 of 15 START sql view model public.stg_providers .............................. [RUN]
[2026-07-10T10:29:15.292+0000] {subprocess.py:106} INFO - [0m10:29:15  6 of 15 ERROR creating sql view model public.stg_patients ...................... [[31mERROR[0m in 0.04s]
[2026-07-10T10:29:15.295+0000] {subprocess.py:106} INFO - [0m10:29:15  9 of 15 START sql view model public.fact_lab_result ............................ [RUN]
[2026-07-10T10:29:15.300+0000] {subprocess.py:106} INFO - [0m10:29:15  5 of 15 OK created sql view model public.stg_organizations ..................... [[32mCREATE VIEW[0m in 0.05s]
[2026-07-10T10:29:15.305+0000] {subprocess.py:106} INFO - [0m10:29:15  10 of 15 START sql view model public.fact_claim_line ........................... [RUN]
[2026-07-10T10:29:15.313+0000] {subprocess.py:106} INFO - [0m10:29:15  8 of 15 OK created sql view model public.stg_providers ......................... [[32mCREATE VIEW[0m in 0.06s]
[2026-07-10T10:29:15.313+0000] {subprocess.py:106} INFO - [0m10:29:15  7 of 15 OK created sql view model public.stg_payers ............................ [[32mCREATE VIEW[0m in 0.06s]
[2026-07-10T10:29:15.317+0000] {subprocess.py:106} INFO - [0m10:29:15  11 of 15 START sql view model public.fact_encounter ............................ [RUN]
[2026-07-10T10:29:15.317+0000] {subprocess.py:106} INFO - [0m10:29:15  12 of 15 SKIP relation public.dim_patient ...................................... [[33mSKIP[0m]
[2026-07-10T10:29:15.320+0000] {subprocess.py:106} INFO - [0m10:29:15  13 of 15 START sql view model public.dim_facility .............................. [RUN]
[2026-07-10T10:29:15.340+0000] {subprocess.py:106} INFO - [0m10:29:15  9 of 15 OK created sql view model public.fact_lab_result ....................... [[32mCREATE VIEW[0m in 0.04s]
[2026-07-10T10:29:15.346+0000] {subprocess.py:106} INFO - [0m10:29:15  14 of 15 START sql view model public.dim_provider .............................. [RUN]
[2026-07-10T10:29:15.353+0000] {subprocess.py:106} INFO - [0m10:29:15  10 of 15 OK created sql view model public.fact_claim_line ...................... [[32mCREATE VIEW[0m in 0.04s]
[2026-07-10T10:29:15.360+0000] {subprocess.py:106} INFO - [0m10:29:15  15 of 15 START sql view model public.dim_insurance_plan ........................ [RUN]
[2026-07-10T10:29:15.366+0000] {subprocess.py:106} INFO - [0m10:29:15  11 of 15 OK created sql view model public.fact_encounter ....................... [[32mCREATE VIEW[0m in 0.05s]
[2026-07-10T10:29:15.367+0000] {subprocess.py:106} INFO - [0m10:29:15  13 of 15 OK created sql view model public.dim_facility ......................... [[32mCREATE VIEW[0m in 0.04s]
[2026-07-10T10:29:15.381+0000] {subprocess.py:106} INFO - [0m10:29:15  14 of 15 OK created sql view model public.dim_provider ......................... [[32mCREATE VIEW[0m in 0.03s]
[2026-07-10T10:29:15.386+0000] {subprocess.py:106} INFO - [0m10:29:15  15 of 15 OK created sql view model public.dim_insurance_plan ................... [[32mCREATE VIEW[0m in 0.03s]
[2026-07-10T10:29:15.393+0000] {subprocess.py:106} INFO - [0m10:29:15
[2026-07-10T10:29:15.393+0000] {subprocess.py:106} INFO - [0m10:29:15  Finished running 15 view models in 0 hours 0 minutes and 0.30 seconds (0.30s).
[2026-07-10T10:29:15.422+0000] {subprocess.py:106} INFO - [0m10:29:15
[2026-07-10T10:29:15.422+0000] {subprocess.py:106} INFO - [0m10:29:15  [31mCompleted with 1 error, 0 partial successes, and 0 warnings:[0m
[2026-07-10T10:29:15.422+0000] {subprocess.py:106} INFO - [0m10:29:15
[2026-07-10T10:29:15.422+0000] {subprocess.py:106} INFO - [0m10:29:15  [[31mERROR[0m]: in model stg_patients (models/staging/stg_patients.sql)
[2026-07-10T10:29:15.423+0000] {subprocess.py:106} INFO - [0m10:29:15    Database Error in model stg_patients (models/staging/stg_patients.sql)
[2026-07-10T10:29:15.423+0000] {subprocess.py:106} INFO -   invalid input syntax for type bigint: "NaN"
[2026-07-10T10:29:15.423+0000] {subprocess.py:106} INFO -   LINE 18:     CAST(NULLIF("INCOME", 'NaN') AS numeric) as income,
[2026-07-10T10:29:15.423+0000] {subprocess.py:106} INFO -                                      ^
[2026-07-10T10:29:15.423+0000] {subprocess.py:106} INFO -   compiled code at target/run/dbt_project/models/staging/stg_patients.sql
[2026-07-10T10:29:15.423+0000] {subprocess.py:106} INFO - [0m10:29:15
[2026-07-10T10:29:15.423+0000] {subprocess.py:106} INFO - [0m10:29:15    compiled code at target/compiled/dbt_project/models/staging/stg_patients.sql
[2026-07-10T10:29:15.423+0000] {subprocess.py:106} INFO - [0m10:29:15
[2026-07-10T10:29:15.423+0000] {subprocess.py:106} INFO - [0m10:29:15  Done. PASS=13 WARN=0 ERROR=1 SKIP=1 NO-OP=0 REUSED=0 TOTAL=15
[2026-07-10T10:29:18.625+0000] {subprocess.py:110} INFO - Command exited with return code 1
[2026-07-10T10:29:18.638+0000] {taskinstance.py:3313} ERROR - Task failed with exception
Traceback (most recent call last):
  File "/home/airflow/.local/lib/python3.12/site-packages/airflow/models/taskinstance.py", line 768, in _execute_task
    result = _execute_callable(context=context, **execute_callable_kwargs)
             ^^^^^^^^^^^^^^^^^^^^^^^^^^^^^^^^^^^^^^^^^^^^^^^^^^^^^^^^^^^^^
  File "/home/airflow/.local/lib/python3.12/site-packages/airflow/models/taskinstance.py", line 734, in _execute_callable
    return ExecutionCallableRunner(
           ^^^^^^^^^^^^^^^^^^^^^^^^
  File "/home/airflow/.local/lib/python3.12/site-packages/airflow/utils/operator_helpers.py", line 252, in run
    return self.func(*args, **kwargs)
           ^^^^^^^^^^^^^^^^^^^^^^^^^^
  File "/home/airflow/.local/lib/python3.12/site-packages/airflow/models/baseoperator.py", line 424, in wrapper
    return func(self, *args, **kwargs)
           ^^^^^^^^^^^^^^^^^^^^^^^^^^^
  File "/home/airflow/.local/lib/python3.12/site-packages/airflow/operators/bash.py", line 276, in execute
    raise AirflowException(
airflow.exceptions.AirflowException: Bash command failed. The command returned a non-zero exit code 1.
[2026-07-10T10:29:18.641+0000] {taskinstance.py:1226} INFO - Marking task as FAILED. dag_id=healthcare_pipeline, task_id=dbt_run, run_id=manual__2026-07-10T10:28:42.020747+00:00, execution_date=20260710T102842, start_date=20260710T102913, end_date=20260710T102918
[2026-07-10T10:29:18.659+0000] {taskinstance.py:341} INFO - ::group::Post task execution logs
[2026-07-10T10:29:18.660+0000] {standard_task_runner.py:124} ERROR - Failed to execute job 195 for task dbt_run (Bash command failed. The command returned a non-zero exit code 1.; 715)
Traceback (most recent call last):
  File "/home/airflow/.local/lib/python3.12/site-packages/airflow/task/task_runner/standard_task_runner.py", line 117, in _start_by_fork
    ret = args.func(args, dag=self.dag)
          ^^^^^^^^^^^^^^^^^^^^^^^^^^^^^
  File "/home/airflow/.local/lib/python3.12/site-packages/airflow/cli/cli_config.py", line 49, in command
    return func(*args, **kwargs)
           ^^^^^^^^^^^^^^^^^^^^^
  File "/home/airflow/.local/lib/python3.12/site-packages/airflow/utils/cli.py", line 116, in wrapper
    return f(*args, **kwargs)
           ^^^^^^^^^^^^^^^^^^
  File "/home/airflow/.local/lib/python3.12/site-packages/airflow/cli/commands/task_command.py", line 483, in task_run
    task_return_code = _run_task_by_selected_method(args, _dag, ti)
                       ^^^^^^^^^^^^^^^^^^^^^^^^^^^^^^^^^^^^^^^^^^^^
  File "/home/airflow/.local/lib/python3.12/site-packages/airflow/cli/commands/task_command.py", line 256, in _run_task_by_selected_method
    return _run_raw_task(args, ti)
           ^^^^^^^^^^^^^^^^^^^^^^^
  File "/home/airflow/.local/lib/python3.12/site-packages/airflow/cli/commands/task_command.py", line 341, in _run_raw_task
    return ti._run_raw_task(
           ^^^^^^^^^^^^^^^^^
  File "/home/airflow/.local/lib/python3.12/site-packages/airflow/utils/session.py", line 97, in wrapper
    return func(*args, session=session, **kwargs)
           ^^^^^^^^^^^^^^^^^^^^^^^^^^^^^^^^^^^^^^
  File "/home/airflow/.local/lib/python3.12/site-packages/airflow/models/taskinstance.py", line 3006, in _run_raw_task
    return _run_raw_task(
           ^^^^^^^^^^^^^^
  File "/home/airflow/.local/lib/python3.12/site-packages/airflow/models/taskinstance.py", line 274, in _run_raw_task
    TaskInstance._execute_task_with_callbacks(
  File "/home/airflow/.local/lib/python3.12/site-packages/airflow/models/taskinstance.py", line 3161, in _execute_task_with_callbacks
    result = self._execute_task(context, task_orig)
             ^^^^^^^^^^^^^^^^^^^^^^^^^^^^^^^^^^^^^^
  File "/home/airflow/.local/lib/python3.12/site-packages/airflow/models/taskinstance.py", line 3185, in _execute_task
    return _execute_task(self, context, task_orig)
           ^^^^^^^^^^^^^^^^^^^^^^^^^^^^^^^^^^^^^^^
  File "/home/airflow/.local/lib/python3.12/site-packages/airflow/models/taskinstance.py", line 768, in _execute_task
    result = _execute_callable(context=context, **execute_callable_kwargs)
             ^^^^^^^^^^^^^^^^^^^^^^^^^^^^^^^^^^^^^^^^^^^^^^^^^^^^^^^^^^^^^
  File "/home/airflow/.local/lib/python3.12/site-packages/airflow/models/taskinstance.py", line 734, in _execute_callable
    return ExecutionCallableRunner(
           ^^^^^^^^^^^^^^^^^^^^^^^^
  File "/home/airflow/.local/lib/python3.12/site-packages/airflow/utils/operator_helpers.py", line 252, in run
    return self.func(*args, **kwargs)
           ^^^^^^^^^^^^^^^^^^^^^^^^^^
  File "/home/airflow/.local/lib/python3.12/site-packages/airflow/models/baseoperator.py", line 424, in wrapper
    return func(self, *args, **kwargs)
           ^^^^^^^^^^^^^^^^^^^^^^^^^^^
  File "/home/airflow/.local/lib/python3.12/site-packages/airflow/operators/bash.py", line 276, in execute
    raise AirflowException(
airflow.exceptions.AirflowException: Bash command failed. The command returned a non-zero exit code 1.
[2026-07-10T10:29:18.693+0000] {local_task_job_runner.py:266} INFO - Task exited with return code 1
[2026-07-10T10:29:18.702+0000] {taskinstance.py:3901} INFO - 0 downstream tasks scheduled from follow-on schedule check
[2026-07-10T10:29:18.703+0000] {local_task_job_runner.py:245} INFO - ::endgroup::
