[2026-07-12T16:26:21.593+0000] {local_task_job_runner.py:123} INFO - ::group::Pre task execution logs
[2026-07-12T16:26:21.600+0000] {taskinstance.py:2614} INFO - Dependencies all met for dep_context=non-requeueable deps ti=<TaskInstance: healthcare_pipeline.extract_csv manual__2026-07-12T16:26:17.871443+00:00 [queued]>
[2026-07-12T16:26:21.603+0000] {taskinstance.py:2614} INFO - Dependencies all met for dep_context=requeueable deps ti=<TaskInstance: healthcare_pipeline.extract_csv manual__2026-07-12T16:26:17.871443+00:00 [queued]>
[2026-07-12T16:26:21.603+0000] {taskinstance.py:2867} INFO - Starting attempt 1 of 1
[2026-07-12T16:26:21.607+0000] {taskinstance.py:2890} INFO - Executing <Task(BashOperator): extract_csv> on 2026-07-12 16:26:17.871443+00:00
[2026-07-12T16:26:21.609+0000] {standard_task_runner.py:72} INFO - Started process 782 to run task
[2026-07-12T16:26:21.611+0000] {standard_task_runner.py:104} INFO - Running: ['***', 'tasks', 'run', 'healthcare_pipeline', 'extract_csv', 'manual__2026-07-12T16:26:17.871443+00:00', '--job-id', '234', '--raw', '--subdir', 'DAGS_FOLDER/healthcare_pipeline.py', '--cfg-path', '/tmp/tmpa3o_ohs5']
[2026-07-12T16:26:21.612+0000] {standard_task_runner.py:105} INFO - Job 234: Subtask extract_csv
[2026-07-12T16:26:21.640+0000] {task_command.py:467} INFO - Running <TaskInstance: healthcare_pipeline.extract_csv manual__2026-07-12T16:26:17.871443+00:00 [running]> on host 94b22ff46e29
[2026-07-12T16:26:21.674+0000] {taskinstance.py:3134} INFO - Exporting env vars: AIRFLOW_CTX_DAG_OWNER='***' AIRFLOW_CTX_DAG_ID='healthcare_pipeline' AIRFLOW_CTX_TASK_ID='extract_csv' AIRFLOW_CTX_EXECUTION_DATE='2026-07-12T16:26:17.871443+00:00' AIRFLOW_CTX_TRY_NUMBER='1' AIRFLOW_CTX_DAG_RUN_ID='manual__2026-07-12T16:26:17.871443+00:00'
[2026-07-12T16:26:21.675+0000] {taskinstance.py:732} INFO - ::endgroup::
[2026-07-12T16:26:21.681+0000] {subprocess.py:78} INFO - Tmp dir root location: /tmp
[2026-07-12T16:26:21.681+0000] {subprocess.py:88} INFO - Running command: ['/usr/bin/bash', '-c', '\n        python /opt/***/src/extract/extract_csv.py\n        ']
[2026-07-12T16:26:21.684+0000] {subprocess.py:99} INFO - Output:
[2026-07-12T16:26:22.093+0000] {subprocess.py:106} INFO - Loading patients.csv -> file '/opt/***/data/legacy_export/patients.csv' ...
[2026-07-12T16:26:22.093+0000] {subprocess.py:106} INFO -   Loaded 1186 rows into 'raw_patients.csv'
[2026-07-12T16:26:22.094+0000] {subprocess.py:106} INFO - Loading payers.csv -> file '/opt/***/data/legacy_export/payers.csv' ...
[2026-07-12T16:26:22.094+0000] {subprocess.py:106} INFO -   Loaded 10 rows into 'raw_payers.csv'
[2026-07-12T16:26:22.094+0000] {subprocess.py:106} INFO - Done. All two file loaded into data/raw.
[2026-07-12T16:26:22.123+0000] {subprocess.py:110} INFO - Command exited with return code 0
[2026-07-12T16:26:22.139+0000] {taskinstance.py:341} INFO - ::group::Post task execution logs
[2026-07-12T16:26:22.139+0000] {taskinstance.py:353} INFO - Marking task as SUCCESS. dag_id=healthcare_pipeline, task_id=extract_csv, run_id=manual__2026-07-12T16:26:17.871443+00:00, execution_date=20260712T162617, start_date=20260712T162621, end_date=20260712T162622
[2026-07-12T16:26:22.168+0000] {local_task_job_runner.py:266} INFO - Task exited with return code 0
[2026-07-12T16:26:22.180+0000] {taskinstance.py:3901} INFO - 0 downstream tasks scheduled from follow-on schedule check
[2026-07-12T16:26:22.180+0000] {local_task_job_runner.py:245} INFO - ::endgroup::
