[2026-07-10T10:21:06.914+0000] {processor.py:186} INFO - Started process (PID=448) to work on /opt/airflow/dags/healthcare_pipeline.py
[2026-07-10T10:21:06.919+0000] {processor.py:914} INFO - Processing file /opt/airflow/dags/healthcare_pipeline.py for tasks to queue
[2026-07-10T10:21:06.922+0000] {logging_mixin.py:190} INFO - [2026-07-10T10:21:06.922+0000] {dagbag.py:588} INFO - Filling up the DagBag from /opt/airflow/dags/healthcare_pipeline.py
[2026-07-10T10:21:06.943+0000] {processor.py:925} INFO - DAG(s) 'healthcare_pipeline' retrieved from /opt/airflow/dags/healthcare_pipeline.py
[2026-07-10T10:21:06.978+0000] {logging_mixin.py:190} INFO - [2026-07-10T10:21:06.978+0000] {dag.py:3239} INFO - Sync 1 DAGs
[2026-07-10T10:21:07.005+0000] {logging_mixin.py:190} INFO - [2026-07-10T10:21:07.005+0000] {dag.py:4180} INFO - Setting next_dagrun for healthcare_pipeline to 2026-07-10 00:00:00+00:00, run_after=2026-07-11 00:00:00+00:00
[2026-07-10T10:21:07.014+0000] {processor.py:208} INFO - Processing /opt/airflow/dags/healthcare_pipeline.py took 0.109 seconds
[2026-07-10T10:21:37.215+0000] {processor.py:186} INFO - Started process (PID=558) to work on /opt/airflow/dags/healthcare_pipeline.py
[2026-07-10T10:21:37.217+0000] {processor.py:914} INFO - Processing file /opt/airflow/dags/healthcare_pipeline.py for tasks to queue
[2026-07-10T10:21:37.219+0000] {logging_mixin.py:190} INFO - [2026-07-10T10:21:37.219+0000] {dagbag.py:588} INFO - Filling up the DagBag from /opt/airflow/dags/healthcare_pipeline.py
[2026-07-10T10:21:37.235+0000] {processor.py:925} INFO - DAG(s) 'healthcare_pipeline' retrieved from /opt/airflow/dags/healthcare_pipeline.py
[2026-07-10T10:21:37.277+0000] {logging_mixin.py:190} INFO - [2026-07-10T10:21:37.276+0000] {dag.py:3239} INFO - Sync 1 DAGs
[2026-07-10T10:21:37.299+0000] {logging_mixin.py:190} INFO - [2026-07-10T10:21:37.299+0000] {dag.py:4180} INFO - Setting next_dagrun for healthcare_pipeline to 2026-07-10 00:00:00+00:00, run_after=2026-07-11 00:00:00+00:00
[2026-07-10T10:21:37.309+0000] {processor.py:208} INFO - Processing /opt/airflow/dags/healthcare_pipeline.py took 0.101 seconds
[2026-07-10T10:22:07.549+0000] {processor.py:186} INFO - Started process (PID=582) to work on /opt/airflow/dags/healthcare_pipeline.py
[2026-07-10T10:22:07.550+0000] {processor.py:914} INFO - Processing file /opt/airflow/dags/healthcare_pipeline.py for tasks to queue
[2026-07-10T10:22:07.554+0000] {logging_mixin.py:190} INFO - [2026-07-10T10:22:07.553+0000] {dagbag.py:588} INFO - Filling up the DagBag from /opt/airflow/dags/healthcare_pipeline.py
[2026-07-10T10:22:07.576+0000] {processor.py:925} INFO - DAG(s) 'healthcare_pipeline' retrieved from /opt/airflow/dags/healthcare_pipeline.py
[2026-07-10T10:22:07.622+0000] {logging_mixin.py:190} INFO - [2026-07-10T10:22:07.622+0000] {dag.py:3239} INFO - Sync 1 DAGs
[2026-07-10T10:22:07.647+0000] {logging_mixin.py:190} INFO - [2026-07-10T10:22:07.647+0000] {dag.py:4180} INFO - Setting next_dagrun for healthcare_pipeline to 2026-07-10 00:00:00+00:00, run_after=2026-07-11 00:00:00+00:00
[2026-07-10T10:22:07.665+0000] {processor.py:208} INFO - Processing /opt/airflow/dags/healthcare_pipeline.py took 0.124 seconds
[2026-07-10T10:22:37.834+0000] {processor.py:186} INFO - Started process (PID=583) to work on /opt/airflow/dags/healthcare_pipeline.py
[2026-07-10T10:22:37.834+0000] {processor.py:914} INFO - Processing file /opt/airflow/dags/healthcare_pipeline.py for tasks to queue
[2026-07-10T10:22:37.835+0000] {logging_mixin.py:190} INFO - [2026-07-10T10:22:37.835+0000] {dagbag.py:588} INFO - Filling up the DagBag from /opt/airflow/dags/healthcare_pipeline.py
[2026-07-10T10:22:37.841+0000] {processor.py:925} INFO - DAG(s) 'healthcare_pipeline' retrieved from /opt/airflow/dags/healthcare_pipeline.py
[2026-07-10T10:22:37.859+0000] {logging_mixin.py:190} INFO - [2026-07-10T10:22:37.859+0000] {dag.py:3239} INFO - Sync 1 DAGs
[2026-07-10T10:22:37.871+0000] {logging_mixin.py:190} INFO - [2026-07-10T10:22:37.871+0000] {dag.py:4180} INFO - Setting next_dagrun for healthcare_pipeline to 2026-07-10 00:00:00+00:00, run_after=2026-07-11 00:00:00+00:00
[2026-07-10T10:22:37.880+0000] {processor.py:208} INFO - Processing /opt/airflow/dags/healthcare_pipeline.py took 0.049 seconds
[2026-07-10T10:23:08.152+0000] {processor.py:186} INFO - Started process (PID=584) to work on /opt/airflow/dags/healthcare_pipeline.py
[2026-07-10T10:23:08.154+0000] {processor.py:914} INFO - Processing file /opt/airflow/dags/healthcare_pipeline.py for tasks to queue
[2026-07-10T10:23:08.156+0000] {logging_mixin.py:190} INFO - [2026-07-10T10:23:08.156+0000] {dagbag.py:588} INFO - Filling up the DagBag from /opt/airflow/dags/healthcare_pipeline.py
[2026-07-10T10:23:08.165+0000] {processor.py:925} INFO - DAG(s) 'healthcare_pipeline' retrieved from /opt/airflow/dags/healthcare_pipeline.py
[2026-07-10T10:23:08.184+0000] {logging_mixin.py:190} INFO - [2026-07-10T10:23:08.184+0000] {dag.py:3239} INFO - Sync 1 DAGs
[2026-07-10T10:23:08.198+0000] {logging_mixin.py:190} INFO - [2026-07-10T10:23:08.198+0000] {dag.py:4180} INFO - Setting next_dagrun for healthcare_pipeline to 2026-07-10 00:00:00+00:00, run_after=2026-07-11 00:00:00+00:00
[2026-07-10T10:23:08.206+0000] {processor.py:208} INFO - Processing /opt/airflow/dags/healthcare_pipeline.py took 0.063 seconds
[2026-07-10T10:23:38.463+0000] {processor.py:186} INFO - Started process (PID=585) to work on /opt/airflow/dags/healthcare_pipeline.py
[2026-07-10T10:23:38.463+0000] {processor.py:914} INFO - Processing file /opt/airflow/dags/healthcare_pipeline.py for tasks to queue
[2026-07-10T10:23:38.467+0000] {logging_mixin.py:190} INFO - [2026-07-10T10:23:38.466+0000] {dagbag.py:588} INFO - Filling up the DagBag from /opt/airflow/dags/healthcare_pipeline.py
[2026-07-10T10:23:38.480+0000] {processor.py:925} INFO - DAG(s) 'healthcare_pipeline' retrieved from /opt/airflow/dags/healthcare_pipeline.py
[2026-07-10T10:23:38.504+0000] {logging_mixin.py:190} INFO - [2026-07-10T10:23:38.504+0000] {dag.py:3239} INFO - Sync 1 DAGs
[2026-07-10T10:23:38.518+0000] {logging_mixin.py:190} INFO - [2026-07-10T10:23:38.518+0000] {dag.py:4180} INFO - Setting next_dagrun for healthcare_pipeline to 2026-07-10 00:00:00+00:00, run_after=2026-07-11 00:00:00+00:00
[2026-07-10T10:23:38.527+0000] {processor.py:208} INFO - Processing /opt/airflow/dags/healthcare_pipeline.py took 0.072 seconds
[2026-07-10T10:24:08.750+0000] {processor.py:186} INFO - Started process (PID=586) to work on /opt/airflow/dags/healthcare_pipeline.py
[2026-07-10T10:24:08.751+0000] {processor.py:914} INFO - Processing file /opt/airflow/dags/healthcare_pipeline.py for tasks to queue
[2026-07-10T10:24:08.753+0000] {logging_mixin.py:190} INFO - [2026-07-10T10:24:08.753+0000] {dagbag.py:588} INFO - Filling up the DagBag from /opt/airflow/dags/healthcare_pipeline.py
[2026-07-10T10:24:08.761+0000] {processor.py:925} INFO - DAG(s) 'healthcare_pipeline' retrieved from /opt/airflow/dags/healthcare_pipeline.py
[2026-07-10T10:24:08.789+0000] {logging_mixin.py:190} INFO - [2026-07-10T10:24:08.789+0000] {dag.py:3239} INFO - Sync 1 DAGs
[2026-07-10T10:24:08.802+0000] {logging_mixin.py:190} INFO - [2026-07-10T10:24:08.801+0000] {dag.py:4180} INFO - Setting next_dagrun for healthcare_pipeline to 2026-07-10 00:00:00+00:00, run_after=2026-07-11 00:00:00+00:00
[2026-07-10T10:24:08.811+0000] {processor.py:208} INFO - Processing /opt/airflow/dags/healthcare_pipeline.py took 0.067 seconds
[2026-07-10T10:24:39.127+0000] {processor.py:186} INFO - Started process (PID=587) to work on /opt/airflow/dags/healthcare_pipeline.py
[2026-07-10T10:24:39.128+0000] {processor.py:914} INFO - Processing file /opt/airflow/dags/healthcare_pipeline.py for tasks to queue
[2026-07-10T10:24:39.132+0000] {logging_mixin.py:190} INFO - [2026-07-10T10:24:39.132+0000] {dagbag.py:588} INFO - Filling up the DagBag from /opt/airflow/dags/healthcare_pipeline.py
[2026-07-10T10:24:39.147+0000] {processor.py:925} INFO - DAG(s) 'healthcare_pipeline' retrieved from /opt/airflow/dags/healthcare_pipeline.py
[2026-07-10T10:24:39.175+0000] {logging_mixin.py:190} INFO - [2026-07-10T10:24:39.175+0000] {dag.py:3239} INFO - Sync 1 DAGs
[2026-07-10T10:24:39.189+0000] {logging_mixin.py:190} INFO - [2026-07-10T10:24:39.189+0000] {dag.py:4180} INFO - Setting next_dagrun for healthcare_pipeline to 2026-07-10 00:00:00+00:00, run_after=2026-07-11 00:00:00+00:00
[2026-07-10T10:24:39.197+0000] {processor.py:208} INFO - Processing /opt/airflow/dags/healthcare_pipeline.py took 0.079 seconds
[2026-07-10T10:25:09.491+0000] {processor.py:186} INFO - Started process (PID=588) to work on /opt/airflow/dags/healthcare_pipeline.py
[2026-07-10T10:25:09.492+0000] {processor.py:914} INFO - Processing file /opt/airflow/dags/healthcare_pipeline.py for tasks to queue
[2026-07-10T10:25:09.495+0000] {logging_mixin.py:190} INFO - [2026-07-10T10:25:09.495+0000] {dagbag.py:588} INFO - Filling up the DagBag from /opt/airflow/dags/healthcare_pipeline.py
[2026-07-10T10:25:09.511+0000] {processor.py:925} INFO - DAG(s) 'healthcare_pipeline' retrieved from /opt/airflow/dags/healthcare_pipeline.py
[2026-07-10T10:25:09.534+0000] {logging_mixin.py:190} INFO - [2026-07-10T10:25:09.534+0000] {dag.py:3239} INFO - Sync 1 DAGs
[2026-07-10T10:25:09.549+0000] {logging_mixin.py:190} INFO - [2026-07-10T10:25:09.549+0000] {dag.py:4180} INFO - Setting next_dagrun for healthcare_pipeline to 2026-07-10 00:00:00+00:00, run_after=2026-07-11 00:00:00+00:00
[2026-07-10T10:25:09.559+0000] {processor.py:208} INFO - Processing /opt/airflow/dags/healthcare_pipeline.py took 0.077 seconds
[2026-07-10T10:25:39.856+0000] {processor.py:186} INFO - Started process (PID=589) to work on /opt/airflow/dags/healthcare_pipeline.py
[2026-07-10T10:25:39.857+0000] {processor.py:914} INFO - Processing file /opt/airflow/dags/healthcare_pipeline.py for tasks to queue
[2026-07-10T10:25:39.864+0000] {logging_mixin.py:190} INFO - [2026-07-10T10:25:39.863+0000] {dagbag.py:588} INFO - Filling up the DagBag from /opt/airflow/dags/healthcare_pipeline.py
[2026-07-10T10:25:39.885+0000] {processor.py:925} INFO - DAG(s) 'healthcare_pipeline' retrieved from /opt/airflow/dags/healthcare_pipeline.py
[2026-07-10T10:25:39.918+0000] {logging_mixin.py:190} INFO - [2026-07-10T10:25:39.918+0000] {dag.py:3239} INFO - Sync 1 DAGs
[2026-07-10T10:25:39.937+0000] {logging_mixin.py:190} INFO - [2026-07-10T10:25:39.937+0000] {dag.py:4180} INFO - Setting next_dagrun for healthcare_pipeline to 2026-07-10 00:00:00+00:00, run_after=2026-07-11 00:00:00+00:00
[2026-07-10T10:25:39.949+0000] {processor.py:208} INFO - Processing /opt/airflow/dags/healthcare_pipeline.py took 0.104 seconds
[2026-07-10T10:26:10.231+0000] {processor.py:186} INFO - Started process (PID=590) to work on /opt/airflow/dags/healthcare_pipeline.py
[2026-07-10T10:26:10.233+0000] {processor.py:914} INFO - Processing file /opt/airflow/dags/healthcare_pipeline.py for tasks to queue
[2026-07-10T10:26:10.237+0000] {logging_mixin.py:190} INFO - [2026-07-10T10:26:10.236+0000] {dagbag.py:588} INFO - Filling up the DagBag from /opt/airflow/dags/healthcare_pipeline.py
[2026-07-10T10:26:10.251+0000] {processor.py:925} INFO - DAG(s) 'healthcare_pipeline' retrieved from /opt/airflow/dags/healthcare_pipeline.py
[2026-07-10T10:26:10.282+0000] {logging_mixin.py:190} INFO - [2026-07-10T10:26:10.282+0000] {dag.py:3239} INFO - Sync 1 DAGs
[2026-07-10T10:26:10.299+0000] {logging_mixin.py:190} INFO - [2026-07-10T10:26:10.299+0000] {dag.py:4180} INFO - Setting next_dagrun for healthcare_pipeline to 2026-07-10 00:00:00+00:00, run_after=2026-07-11 00:00:00+00:00
[2026-07-10T10:26:10.309+0000] {processor.py:208} INFO - Processing /opt/airflow/dags/healthcare_pipeline.py took 0.089 seconds
[2026-07-10T10:26:40.638+0000] {processor.py:186} INFO - Started process (PID=591) to work on /opt/airflow/dags/healthcare_pipeline.py
[2026-07-10T10:26:40.639+0000] {processor.py:914} INFO - Processing file /opt/airflow/dags/healthcare_pipeline.py for tasks to queue
[2026-07-10T10:26:40.641+0000] {logging_mixin.py:190} INFO - [2026-07-10T10:26:40.640+0000] {dagbag.py:588} INFO - Filling up the DagBag from /opt/airflow/dags/healthcare_pipeline.py
[2026-07-10T10:26:40.650+0000] {processor.py:925} INFO - DAG(s) 'healthcare_pipeline' retrieved from /opt/airflow/dags/healthcare_pipeline.py
[2026-07-10T10:26:40.670+0000] {logging_mixin.py:190} INFO - [2026-07-10T10:26:40.670+0000] {dag.py:3239} INFO - Sync 1 DAGs
[2026-07-10T10:26:40.681+0000] {logging_mixin.py:190} INFO - [2026-07-10T10:26:40.681+0000] {dag.py:4180} INFO - Setting next_dagrun for healthcare_pipeline to 2026-07-10 00:00:00+00:00, run_after=2026-07-11 00:00:00+00:00
[2026-07-10T10:26:40.688+0000] {processor.py:208} INFO - Processing /opt/airflow/dags/healthcare_pipeline.py took 0.056 seconds
[2026-07-10T10:27:11.030+0000] {processor.py:186} INFO - Started process (PID=592) to work on /opt/airflow/dags/healthcare_pipeline.py
[2026-07-10T10:27:11.031+0000] {processor.py:914} INFO - Processing file /opt/airflow/dags/healthcare_pipeline.py for tasks to queue
[2026-07-10T10:27:11.035+0000] {logging_mixin.py:190} INFO - [2026-07-10T10:27:11.034+0000] {dagbag.py:588} INFO - Filling up the DagBag from /opt/airflow/dags/healthcare_pipeline.py
[2026-07-10T10:27:11.052+0000] {processor.py:925} INFO - DAG(s) 'healthcare_pipeline' retrieved from /opt/airflow/dags/healthcare_pipeline.py
[2026-07-10T10:27:11.087+0000] {logging_mixin.py:190} INFO - [2026-07-10T10:27:11.087+0000] {dag.py:3239} INFO - Sync 1 DAGs
[2026-07-10T10:27:11.106+0000] {logging_mixin.py:190} INFO - [2026-07-10T10:27:11.106+0000] {dag.py:4180} INFO - Setting next_dagrun for healthcare_pipeline to 2026-07-10 00:00:00+00:00, run_after=2026-07-11 00:00:00+00:00
[2026-07-10T10:27:11.117+0000] {processor.py:208} INFO - Processing /opt/airflow/dags/healthcare_pipeline.py took 0.097 seconds
[2026-07-10T10:27:41.445+0000] {processor.py:186} INFO - Started process (PID=593) to work on /opt/airflow/dags/healthcare_pipeline.py
[2026-07-10T10:27:41.446+0000] {processor.py:914} INFO - Processing file /opt/airflow/dags/healthcare_pipeline.py for tasks to queue
[2026-07-10T10:27:41.450+0000] {logging_mixin.py:190} INFO - [2026-07-10T10:27:41.450+0000] {dagbag.py:588} INFO - Filling up the DagBag from /opt/airflow/dags/healthcare_pipeline.py
[2026-07-10T10:27:41.468+0000] {processor.py:925} INFO - DAG(s) 'healthcare_pipeline' retrieved from /opt/airflow/dags/healthcare_pipeline.py
[2026-07-10T10:27:41.502+0000] {logging_mixin.py:190} INFO - [2026-07-10T10:27:41.502+0000] {dag.py:3239} INFO - Sync 1 DAGs
[2026-07-10T10:27:41.522+0000] {logging_mixin.py:190} INFO - [2026-07-10T10:27:41.522+0000] {dag.py:4180} INFO - Setting next_dagrun for healthcare_pipeline to 2026-07-10 00:00:00+00:00, run_after=2026-07-11 00:00:00+00:00
[2026-07-10T10:27:41.533+0000] {processor.py:208} INFO - Processing /opt/airflow/dags/healthcare_pipeline.py took 0.099 seconds
[2026-07-10T10:28:11.790+0000] {processor.py:186} INFO - Started process (PID=594) to work on /opt/airflow/dags/healthcare_pipeline.py
[2026-07-10T10:28:11.791+0000] {processor.py:914} INFO - Processing file /opt/airflow/dags/healthcare_pipeline.py for tasks to queue
[2026-07-10T10:28:11.794+0000] {logging_mixin.py:190} INFO - [2026-07-10T10:28:11.793+0000] {dagbag.py:588} INFO - Filling up the DagBag from /opt/airflow/dags/healthcare_pipeline.py
[2026-07-10T10:28:11.805+0000] {processor.py:925} INFO - DAG(s) 'healthcare_pipeline' retrieved from /opt/airflow/dags/healthcare_pipeline.py
[2026-07-10T10:28:11.828+0000] {logging_mixin.py:190} INFO - [2026-07-10T10:28:11.827+0000] {dag.py:3239} INFO - Sync 1 DAGs
[2026-07-10T10:28:11.841+0000] {logging_mixin.py:190} INFO - [2026-07-10T10:28:11.841+0000] {dag.py:4180} INFO - Setting next_dagrun for healthcare_pipeline to 2026-07-10 00:00:00+00:00, run_after=2026-07-11 00:00:00+00:00
[2026-07-10T10:28:11.848+0000] {processor.py:208} INFO - Processing /opt/airflow/dags/healthcare_pipeline.py took 0.065 seconds
[2026-07-10T10:28:42.150+0000] {processor.py:186} INFO - Started process (PID=595) to work on /opt/airflow/dags/healthcare_pipeline.py
[2026-07-10T10:28:42.151+0000] {processor.py:914} INFO - Processing file /opt/airflow/dags/healthcare_pipeline.py for tasks to queue
[2026-07-10T10:28:42.155+0000] {logging_mixin.py:190} INFO - [2026-07-10T10:28:42.154+0000] {dagbag.py:588} INFO - Filling up the DagBag from /opt/airflow/dags/healthcare_pipeline.py
[2026-07-10T10:28:42.175+0000] {processor.py:925} INFO - DAG(s) 'healthcare_pipeline' retrieved from /opt/airflow/dags/healthcare_pipeline.py
[2026-07-10T10:28:42.224+0000] {logging_mixin.py:190} INFO - [2026-07-10T10:28:42.224+0000] {dag.py:3239} INFO - Sync 1 DAGs
[2026-07-10T10:28:42.250+0000] {logging_mixin.py:190} INFO - [2026-07-10T10:28:42.250+0000] {dag.py:4180} INFO - Setting next_dagrun for healthcare_pipeline to 2026-07-10 00:00:00+00:00, run_after=2026-07-11 00:00:00+00:00
[2026-07-10T10:28:42.264+0000] {processor.py:208} INFO - Processing /opt/airflow/dags/healthcare_pipeline.py took 0.121 seconds
[2026-07-10T10:29:12.355+0000] {processor.py:186} INFO - Started process (PID=706) to work on /opt/airflow/dags/healthcare_pipeline.py
[2026-07-10T10:29:12.356+0000] {processor.py:914} INFO - Processing file /opt/airflow/dags/healthcare_pipeline.py for tasks to queue
[2026-07-10T10:29:12.358+0000] {logging_mixin.py:190} INFO - [2026-07-10T10:29:12.358+0000] {dagbag.py:588} INFO - Filling up the DagBag from /opt/airflow/dags/healthcare_pipeline.py
[2026-07-10T10:29:12.367+0000] {processor.py:925} INFO - DAG(s) 'healthcare_pipeline' retrieved from /opt/airflow/dags/healthcare_pipeline.py
[2026-07-10T10:29:12.387+0000] {logging_mixin.py:190} INFO - [2026-07-10T10:29:12.387+0000] {dag.py:3239} INFO - Sync 1 DAGs
[2026-07-10T10:29:12.401+0000] {logging_mixin.py:190} INFO - [2026-07-10T10:29:12.401+0000] {dag.py:4180} INFO - Setting next_dagrun for healthcare_pipeline to 2026-07-10 00:00:00+00:00, run_after=2026-07-11 00:00:00+00:00
[2026-07-10T10:29:12.409+0000] {processor.py:208} INFO - Processing /opt/airflow/dags/healthcare_pipeline.py took 0.059 seconds
[2026-07-10T10:29:42.709+0000] {processor.py:186} INFO - Started process (PID=737) to work on /opt/airflow/dags/healthcare_pipeline.py
[2026-07-10T10:29:42.711+0000] {processor.py:914} INFO - Processing file /opt/airflow/dags/healthcare_pipeline.py for tasks to queue
[2026-07-10T10:29:42.715+0000] {logging_mixin.py:190} INFO - [2026-07-10T10:29:42.715+0000] {dagbag.py:588} INFO - Filling up the DagBag from /opt/airflow/dags/healthcare_pipeline.py
[2026-07-10T10:29:42.742+0000] {processor.py:925} INFO - DAG(s) 'healthcare_pipeline' retrieved from /opt/airflow/dags/healthcare_pipeline.py
[2026-07-10T10:29:42.767+0000] {logging_mixin.py:190} INFO - [2026-07-10T10:29:42.767+0000] {dag.py:3239} INFO - Sync 1 DAGs
[2026-07-10T10:29:42.779+0000] {logging_mixin.py:190} INFO - [2026-07-10T10:29:42.779+0000] {dag.py:4180} INFO - Setting next_dagrun for healthcare_pipeline to 2026-07-10 00:00:00+00:00, run_after=2026-07-11 00:00:00+00:00
[2026-07-10T10:29:42.787+0000] {processor.py:208} INFO - Processing /opt/airflow/dags/healthcare_pipeline.py took 0.085 seconds
[2026-07-10T10:30:13.089+0000] {processor.py:186} INFO - Started process (PID=738) to work on /opt/airflow/dags/healthcare_pipeline.py
[2026-07-10T10:30:13.091+0000] {processor.py:914} INFO - Processing file /opt/airflow/dags/healthcare_pipeline.py for tasks to queue
[2026-07-10T10:30:13.095+0000] {logging_mixin.py:190} INFO - [2026-07-10T10:30:13.094+0000] {dagbag.py:588} INFO - Filling up the DagBag from /opt/airflow/dags/healthcare_pipeline.py
[2026-07-10T10:30:13.116+0000] {processor.py:925} INFO - DAG(s) 'healthcare_pipeline' retrieved from /opt/airflow/dags/healthcare_pipeline.py
[2026-07-10T10:30:13.146+0000] {logging_mixin.py:190} INFO - [2026-07-10T10:30:13.146+0000] {dag.py:3239} INFO - Sync 1 DAGs
[2026-07-10T10:30:13.171+0000] {logging_mixin.py:190} INFO - [2026-07-10T10:30:13.170+0000] {dag.py:4180} INFO - Setting next_dagrun for healthcare_pipeline to 2026-07-10 00:00:00+00:00, run_after=2026-07-11 00:00:00+00:00
[2026-07-10T10:30:13.184+0000] {processor.py:208} INFO - Processing /opt/airflow/dags/healthcare_pipeline.py took 0.107 seconds
[2026-07-10T10:30:43.490+0000] {processor.py:186} INFO - Started process (PID=756) to work on /opt/airflow/dags/healthcare_pipeline.py
[2026-07-10T10:30:43.491+0000] {processor.py:914} INFO - Processing file /opt/airflow/dags/healthcare_pipeline.py for tasks to queue
[2026-07-10T10:30:43.495+0000] {logging_mixin.py:190} INFO - [2026-07-10T10:30:43.495+0000] {dagbag.py:588} INFO - Filling up the DagBag from /opt/airflow/dags/healthcare_pipeline.py
[2026-07-10T10:30:43.512+0000] {processor.py:925} INFO - DAG(s) 'healthcare_pipeline' retrieved from /opt/airflow/dags/healthcare_pipeline.py
[2026-07-10T10:30:43.606+0000] {logging_mixin.py:190} INFO - [2026-07-10T10:30:43.605+0000] {dag.py:3239} INFO - Sync 1 DAGs
[2026-07-10T10:30:43.639+0000] {logging_mixin.py:190} INFO - [2026-07-10T10:30:43.638+0000] {dag.py:4180} INFO - Setting next_dagrun for healthcare_pipeline to 2026-07-10 00:00:00+00:00, run_after=2026-07-11 00:00:00+00:00
[2026-07-10T10:30:43.651+0000] {processor.py:208} INFO - Processing /opt/airflow/dags/healthcare_pipeline.py took 0.170 seconds
[2026-07-10T10:31:13.891+0000] {processor.py:186} INFO - Started process (PID=757) to work on /opt/airflow/dags/healthcare_pipeline.py
[2026-07-10T10:31:13.893+0000] {processor.py:914} INFO - Processing file /opt/airflow/dags/healthcare_pipeline.py for tasks to queue
[2026-07-10T10:31:13.896+0000] {logging_mixin.py:190} INFO - [2026-07-10T10:31:13.896+0000] {dagbag.py:588} INFO - Filling up the DagBag from /opt/airflow/dags/healthcare_pipeline.py
[2026-07-10T10:31:13.914+0000] {processor.py:925} INFO - DAG(s) 'healthcare_pipeline' retrieved from /opt/airflow/dags/healthcare_pipeline.py
[2026-07-10T10:31:13.944+0000] {logging_mixin.py:190} INFO - [2026-07-10T10:31:13.944+0000] {dag.py:3239} INFO - Sync 1 DAGs
[2026-07-10T10:31:13.960+0000] {logging_mixin.py:190} INFO - [2026-07-10T10:31:13.960+0000] {dag.py:4180} INFO - Setting next_dagrun for healthcare_pipeline to 2026-07-10 00:00:00+00:00, run_after=2026-07-11 00:00:00+00:00
[2026-07-10T10:31:13.970+0000] {processor.py:208} INFO - Processing /opt/airflow/dags/healthcare_pipeline.py took 0.092 seconds
[2026-07-10T10:31:44.325+0000] {processor.py:186} INFO - Started process (PID=758) to work on /opt/airflow/dags/healthcare_pipeline.py
[2026-07-10T10:31:44.327+0000] {processor.py:914} INFO - Processing file /opt/airflow/dags/healthcare_pipeline.py for tasks to queue
[2026-07-10T10:31:44.329+0000] {logging_mixin.py:190} INFO - [2026-07-10T10:31:44.329+0000] {dagbag.py:588} INFO - Filling up the DagBag from /opt/airflow/dags/healthcare_pipeline.py
[2026-07-10T10:31:44.339+0000] {processor.py:925} INFO - DAG(s) 'healthcare_pipeline' retrieved from /opt/airflow/dags/healthcare_pipeline.py
[2026-07-10T10:31:44.362+0000] {logging_mixin.py:190} INFO - [2026-07-10T10:31:44.362+0000] {dag.py:3239} INFO - Sync 1 DAGs
[2026-07-10T10:31:44.376+0000] {logging_mixin.py:190} INFO - [2026-07-10T10:31:44.375+0000] {dag.py:4180} INFO - Setting next_dagrun for healthcare_pipeline to 2026-07-10 00:00:00+00:00, run_after=2026-07-11 00:00:00+00:00
[2026-07-10T10:31:44.383+0000] {processor.py:208} INFO - Processing /opt/airflow/dags/healthcare_pipeline.py took 0.066 seconds
[2026-07-10T10:32:14.725+0000] {processor.py:186} INFO - Started process (PID=759) to work on /opt/airflow/dags/healthcare_pipeline.py
[2026-07-10T10:32:14.726+0000] {processor.py:914} INFO - Processing file /opt/airflow/dags/healthcare_pipeline.py for tasks to queue
[2026-07-10T10:32:14.732+0000] {logging_mixin.py:190} INFO - [2026-07-10T10:32:14.730+0000] {dagbag.py:588} INFO - Filling up the DagBag from /opt/airflow/dags/healthcare_pipeline.py
[2026-07-10T10:32:14.749+0000] {processor.py:925} INFO - DAG(s) 'healthcare_pipeline' retrieved from /opt/airflow/dags/healthcare_pipeline.py
[2026-07-10T10:32:14.794+0000] {logging_mixin.py:190} INFO - [2026-07-10T10:32:14.794+0000] {dag.py:3239} INFO - Sync 1 DAGs
[2026-07-10T10:32:14.815+0000] {logging_mixin.py:190} INFO - [2026-07-10T10:32:14.815+0000] {dag.py:4180} INFO - Setting next_dagrun for healthcare_pipeline to 2026-07-10 00:00:00+00:00, run_after=2026-07-11 00:00:00+00:00
[2026-07-10T10:32:14.826+0000] {processor.py:208} INFO - Processing /opt/airflow/dags/healthcare_pipeline.py took 0.111 seconds
[2026-07-10T10:32:45.051+0000] {processor.py:186} INFO - Started process (PID=785) to work on /opt/airflow/dags/healthcare_pipeline.py
[2026-07-10T10:32:45.053+0000] {processor.py:914} INFO - Processing file /opt/airflow/dags/healthcare_pipeline.py for tasks to queue
[2026-07-10T10:32:45.057+0000] {logging_mixin.py:190} INFO - [2026-07-10T10:32:45.057+0000] {dagbag.py:588} INFO - Filling up the DagBag from /opt/airflow/dags/healthcare_pipeline.py
[2026-07-10T10:32:45.076+0000] {processor.py:925} INFO - DAG(s) 'healthcare_pipeline' retrieved from /opt/airflow/dags/healthcare_pipeline.py
[2026-07-10T10:32:45.109+0000] {logging_mixin.py:190} INFO - [2026-07-10T10:32:45.109+0000] {dag.py:3239} INFO - Sync 1 DAGs
[2026-07-10T10:32:45.127+0000] {logging_mixin.py:190} INFO - [2026-07-10T10:32:45.127+0000] {dag.py:4180} INFO - Setting next_dagrun for healthcare_pipeline to 2026-07-10 00:00:00+00:00, run_after=2026-07-11 00:00:00+00:00
[2026-07-10T10:32:45.137+0000] {processor.py:208} INFO - Processing /opt/airflow/dags/healthcare_pipeline.py took 0.096 seconds
[2026-07-10T10:33:15.294+0000] {processor.py:186} INFO - Started process (PID=895) to work on /opt/airflow/dags/healthcare_pipeline.py
[2026-07-10T10:33:15.295+0000] {processor.py:914} INFO - Processing file /opt/airflow/dags/healthcare_pipeline.py for tasks to queue
[2026-07-10T10:33:15.297+0000] {logging_mixin.py:190} INFO - [2026-07-10T10:33:15.297+0000] {dagbag.py:588} INFO - Filling up the DagBag from /opt/airflow/dags/healthcare_pipeline.py
[2026-07-10T10:33:15.307+0000] {processor.py:925} INFO - DAG(s) 'healthcare_pipeline' retrieved from /opt/airflow/dags/healthcare_pipeline.py
[2026-07-10T10:33:15.330+0000] {logging_mixin.py:190} INFO - [2026-07-10T10:33:15.330+0000] {dag.py:3239} INFO - Sync 1 DAGs
[2026-07-10T10:33:15.344+0000] {logging_mixin.py:190} INFO - [2026-07-10T10:33:15.344+0000] {dag.py:4180} INFO - Setting next_dagrun for healthcare_pipeline to 2026-07-10 00:00:00+00:00, run_after=2026-07-11 00:00:00+00:00
[2026-07-10T10:33:15.353+0000] {processor.py:208} INFO - Processing /opt/airflow/dags/healthcare_pipeline.py took 0.064 seconds
[2026-07-10T10:33:45.652+0000] {processor.py:186} INFO - Started process (PID=919) to work on /opt/airflow/dags/healthcare_pipeline.py
[2026-07-10T10:33:45.653+0000] {processor.py:914} INFO - Processing file /opt/airflow/dags/healthcare_pipeline.py for tasks to queue
[2026-07-10T10:33:45.656+0000] {logging_mixin.py:190} INFO - [2026-07-10T10:33:45.656+0000] {dagbag.py:588} INFO - Filling up the DagBag from /opt/airflow/dags/healthcare_pipeline.py
[2026-07-10T10:33:45.670+0000] {processor.py:925} INFO - DAG(s) 'healthcare_pipeline' retrieved from /opt/airflow/dags/healthcare_pipeline.py
[2026-07-10T10:33:45.702+0000] {logging_mixin.py:190} INFO - [2026-07-10T10:33:45.702+0000] {dag.py:3239} INFO - Sync 1 DAGs
[2026-07-10T10:33:45.786+0000] {logging_mixin.py:190} INFO - [2026-07-10T10:33:45.785+0000] {dag.py:4180} INFO - Setting next_dagrun for healthcare_pipeline to 2026-07-10 00:00:00+00:00, run_after=2026-07-11 00:00:00+00:00
[2026-07-10T10:33:45.879+0000] {processor.py:208} INFO - Processing /opt/airflow/dags/healthcare_pipeline.py took 0.235 seconds
[2026-07-10T10:34:16.018+0000] {processor.py:186} INFO - Started process (PID=920) to work on /opt/airflow/dags/healthcare_pipeline.py
[2026-07-10T10:34:16.019+0000] {processor.py:914} INFO - Processing file /opt/airflow/dags/healthcare_pipeline.py for tasks to queue
[2026-07-10T10:34:16.021+0000] {logging_mixin.py:190} INFO - [2026-07-10T10:34:16.020+0000] {dagbag.py:588} INFO - Filling up the DagBag from /opt/airflow/dags/healthcare_pipeline.py
[2026-07-10T10:34:16.030+0000] {processor.py:925} INFO - DAG(s) 'healthcare_pipeline' retrieved from /opt/airflow/dags/healthcare_pipeline.py
[2026-07-10T10:34:16.056+0000] {logging_mixin.py:190} INFO - [2026-07-10T10:34:16.056+0000] {dag.py:3239} INFO - Sync 1 DAGs
[2026-07-10T10:34:16.075+0000] {logging_mixin.py:190} INFO - [2026-07-10T10:34:16.075+0000] {dag.py:4180} INFO - Setting next_dagrun for healthcare_pipeline to 2026-07-10 00:00:00+00:00, run_after=2026-07-11 00:00:00+00:00
[2026-07-10T10:34:16.083+0000] {processor.py:208} INFO - Processing /opt/airflow/dags/healthcare_pipeline.py took 0.070 seconds
[2026-07-10T10:34:46.308+0000] {processor.py:186} INFO - Started process (PID=921) to work on /opt/airflow/dags/healthcare_pipeline.py
[2026-07-10T10:34:46.309+0000] {processor.py:914} INFO - Processing file /opt/airflow/dags/healthcare_pipeline.py for tasks to queue
[2026-07-10T10:34:46.313+0000] {logging_mixin.py:190} INFO - [2026-07-10T10:34:46.312+0000] {dagbag.py:588} INFO - Filling up the DagBag from /opt/airflow/dags/healthcare_pipeline.py
[2026-07-10T10:34:46.326+0000] {processor.py:925} INFO - DAG(s) 'healthcare_pipeline' retrieved from /opt/airflow/dags/healthcare_pipeline.py
[2026-07-10T10:34:46.352+0000] {logging_mixin.py:190} INFO - [2026-07-10T10:34:46.351+0000] {dag.py:3239} INFO - Sync 1 DAGs
[2026-07-10T10:34:46.366+0000] {logging_mixin.py:190} INFO - [2026-07-10T10:34:46.366+0000] {dag.py:4180} INFO - Setting next_dagrun for healthcare_pipeline to 2026-07-10 00:00:00+00:00, run_after=2026-07-11 00:00:00+00:00
[2026-07-10T10:34:46.373+0000] {processor.py:208} INFO - Processing /opt/airflow/dags/healthcare_pipeline.py took 0.073 seconds
[2026-07-10T10:35:16.600+0000] {processor.py:186} INFO - Started process (PID=922) to work on /opt/airflow/dags/healthcare_pipeline.py
[2026-07-10T10:35:16.601+0000] {processor.py:914} INFO - Processing file /opt/airflow/dags/healthcare_pipeline.py for tasks to queue
[2026-07-10T10:35:16.604+0000] {logging_mixin.py:190} INFO - [2026-07-10T10:35:16.603+0000] {dagbag.py:588} INFO - Filling up the DagBag from /opt/airflow/dags/healthcare_pipeline.py
[2026-07-10T10:35:16.615+0000] {processor.py:925} INFO - DAG(s) 'healthcare_pipeline' retrieved from /opt/airflow/dags/healthcare_pipeline.py
[2026-07-10T10:35:16.637+0000] {logging_mixin.py:190} INFO - [2026-07-10T10:35:16.637+0000] {dag.py:3239} INFO - Sync 1 DAGs
[2026-07-10T10:35:16.649+0000] {logging_mixin.py:190} INFO - [2026-07-10T10:35:16.649+0000] {dag.py:4180} INFO - Setting next_dagrun for healthcare_pipeline to 2026-07-10 00:00:00+00:00, run_after=2026-07-11 00:00:00+00:00
[2026-07-10T10:35:16.658+0000] {processor.py:208} INFO - Processing /opt/airflow/dags/healthcare_pipeline.py took 0.065 seconds
[2026-07-10T10:35:46.929+0000] {processor.py:186} INFO - Started process (PID=923) to work on /opt/airflow/dags/healthcare_pipeline.py
[2026-07-10T10:35:46.930+0000] {processor.py:914} INFO - Processing file /opt/airflow/dags/healthcare_pipeline.py for tasks to queue
[2026-07-10T10:35:46.931+0000] {logging_mixin.py:190} INFO - [2026-07-10T10:35:46.931+0000] {dagbag.py:588} INFO - Filling up the DagBag from /opt/airflow/dags/healthcare_pipeline.py
[2026-07-10T10:35:46.940+0000] {processor.py:925} INFO - DAG(s) 'healthcare_pipeline' retrieved from /opt/airflow/dags/healthcare_pipeline.py
[2026-07-10T10:35:46.959+0000] {logging_mixin.py:190} INFO - [2026-07-10T10:35:46.958+0000] {dag.py:3239} INFO - Sync 1 DAGs
[2026-07-10T10:35:46.969+0000] {logging_mixin.py:190} INFO - [2026-07-10T10:35:46.969+0000] {dag.py:4180} INFO - Setting next_dagrun for healthcare_pipeline to 2026-07-10 00:00:00+00:00, run_after=2026-07-11 00:00:00+00:00
[2026-07-10T10:35:46.976+0000] {processor.py:208} INFO - Processing /opt/airflow/dags/healthcare_pipeline.py took 0.053 seconds
[2026-07-10T10:36:17.279+0000] {processor.py:186} INFO - Started process (PID=924) to work on /opt/airflow/dags/healthcare_pipeline.py
[2026-07-10T10:36:17.280+0000] {processor.py:914} INFO - Processing file /opt/airflow/dags/healthcare_pipeline.py for tasks to queue
[2026-07-10T10:36:17.282+0000] {logging_mixin.py:190} INFO - [2026-07-10T10:36:17.282+0000] {dagbag.py:588} INFO - Filling up the DagBag from /opt/airflow/dags/healthcare_pipeline.py
[2026-07-10T10:36:17.292+0000] {processor.py:925} INFO - DAG(s) 'healthcare_pipeline' retrieved from /opt/airflow/dags/healthcare_pipeline.py
[2026-07-10T10:36:17.313+0000] {logging_mixin.py:190} INFO - [2026-07-10T10:36:17.312+0000] {dag.py:3239} INFO - Sync 1 DAGs
[2026-07-10T10:36:17.324+0000] {logging_mixin.py:190} INFO - [2026-07-10T10:36:17.324+0000] {dag.py:4180} INFO - Setting next_dagrun for healthcare_pipeline to 2026-07-10 00:00:00+00:00, run_after=2026-07-11 00:00:00+00:00
[2026-07-10T10:36:17.332+0000] {processor.py:208} INFO - Processing /opt/airflow/dags/healthcare_pipeline.py took 0.058 seconds
[2026-07-10T10:36:47.672+0000] {processor.py:186} INFO - Started process (PID=925) to work on /opt/airflow/dags/healthcare_pipeline.py
[2026-07-10T10:36:47.673+0000] {processor.py:914} INFO - Processing file /opt/airflow/dags/healthcare_pipeline.py for tasks to queue
[2026-07-10T10:36:47.677+0000] {logging_mixin.py:190} INFO - [2026-07-10T10:36:47.676+0000] {dagbag.py:588} INFO - Filling up the DagBag from /opt/airflow/dags/healthcare_pipeline.py
[2026-07-10T10:36:47.693+0000] {processor.py:925} INFO - DAG(s) 'healthcare_pipeline' retrieved from /opt/airflow/dags/healthcare_pipeline.py
[2026-07-10T10:36:47.715+0000] {logging_mixin.py:190} INFO - [2026-07-10T10:36:47.715+0000] {dag.py:3239} INFO - Sync 1 DAGs
[2026-07-10T10:36:47.727+0000] {logging_mixin.py:190} INFO - [2026-07-10T10:36:47.727+0000] {dag.py:4180} INFO - Setting next_dagrun for healthcare_pipeline to 2026-07-10 00:00:00+00:00, run_after=2026-07-11 00:00:00+00:00
[2026-07-10T10:36:47.735+0000] {processor.py:208} INFO - Processing /opt/airflow/dags/healthcare_pipeline.py took 0.071 seconds
[2026-07-10T10:37:18.014+0000] {processor.py:186} INFO - Started process (PID=926) to work on /opt/airflow/dags/healthcare_pipeline.py
[2026-07-10T10:37:18.015+0000] {processor.py:914} INFO - Processing file /opt/airflow/dags/healthcare_pipeline.py for tasks to queue
[2026-07-10T10:37:18.018+0000] {logging_mixin.py:190} INFO - [2026-07-10T10:37:18.018+0000] {dagbag.py:588} INFO - Filling up the DagBag from /opt/airflow/dags/healthcare_pipeline.py
[2026-07-10T10:37:18.029+0000] {processor.py:925} INFO - DAG(s) 'healthcare_pipeline' retrieved from /opt/airflow/dags/healthcare_pipeline.py
[2026-07-10T10:37:18.072+0000] {logging_mixin.py:190} INFO - [2026-07-10T10:37:18.072+0000] {dag.py:3239} INFO - Sync 1 DAGs
[2026-07-10T10:37:18.088+0000] {logging_mixin.py:190} INFO - [2026-07-10T10:37:18.088+0000] {dag.py:4180} INFO - Setting next_dagrun for healthcare_pipeline to 2026-07-10 00:00:00+00:00, run_after=2026-07-11 00:00:00+00:00
[2026-07-10T10:37:18.098+0000] {processor.py:208} INFO - Processing /opt/airflow/dags/healthcare_pipeline.py took 0.091 seconds
[2026-07-10T10:37:48.418+0000] {processor.py:186} INFO - Started process (PID=927) to work on /opt/airflow/dags/healthcare_pipeline.py
[2026-07-10T10:37:48.419+0000] {processor.py:914} INFO - Processing file /opt/airflow/dags/healthcare_pipeline.py for tasks to queue
[2026-07-10T10:37:48.422+0000] {logging_mixin.py:190} INFO - [2026-07-10T10:37:48.421+0000] {dagbag.py:588} INFO - Filling up the DagBag from /opt/airflow/dags/healthcare_pipeline.py
[2026-07-10T10:37:48.432+0000] {processor.py:925} INFO - DAG(s) 'healthcare_pipeline' retrieved from /opt/airflow/dags/healthcare_pipeline.py
[2026-07-10T10:37:48.451+0000] {logging_mixin.py:190} INFO - [2026-07-10T10:37:48.451+0000] {dag.py:3239} INFO - Sync 1 DAGs
[2026-07-10T10:37:48.462+0000] {logging_mixin.py:190} INFO - [2026-07-10T10:37:48.462+0000] {dag.py:4180} INFO - Setting next_dagrun for healthcare_pipeline to 2026-07-10 00:00:00+00:00, run_after=2026-07-11 00:00:00+00:00
[2026-07-10T10:37:48.469+0000] {processor.py:208} INFO - Processing /opt/airflow/dags/healthcare_pipeline.py took 0.058 seconds
[2026-07-10T10:38:18.792+0000] {processor.py:186} INFO - Started process (PID=928) to work on /opt/airflow/dags/healthcare_pipeline.py
[2026-07-10T10:38:18.793+0000] {processor.py:914} INFO - Processing file /opt/airflow/dags/healthcare_pipeline.py for tasks to queue
[2026-07-10T10:38:18.795+0000] {logging_mixin.py:190} INFO - [2026-07-10T10:38:18.795+0000] {dagbag.py:588} INFO - Filling up the DagBag from /opt/airflow/dags/healthcare_pipeline.py
[2026-07-10T10:38:18.804+0000] {processor.py:925} INFO - DAG(s) 'healthcare_pipeline' retrieved from /opt/airflow/dags/healthcare_pipeline.py
[2026-07-10T10:38:18.829+0000] {logging_mixin.py:190} INFO - [2026-07-10T10:38:18.829+0000] {dag.py:3239} INFO - Sync 1 DAGs
[2026-07-10T10:38:18.840+0000] {logging_mixin.py:190} INFO - [2026-07-10T10:38:18.840+0000] {dag.py:4180} INFO - Setting next_dagrun for healthcare_pipeline to 2026-07-10 00:00:00+00:00, run_after=2026-07-11 00:00:00+00:00
[2026-07-10T10:38:18.847+0000] {processor.py:208} INFO - Processing /opt/airflow/dags/healthcare_pipeline.py took 0.061 seconds
[2026-07-10T10:38:49.145+0000] {processor.py:186} INFO - Started process (PID=929) to work on /opt/airflow/dags/healthcare_pipeline.py
[2026-07-10T10:38:49.145+0000] {processor.py:914} INFO - Processing file /opt/airflow/dags/healthcare_pipeline.py for tasks to queue
[2026-07-10T10:38:49.146+0000] {logging_mixin.py:190} INFO - [2026-07-10T10:38:49.146+0000] {dagbag.py:588} INFO - Filling up the DagBag from /opt/airflow/dags/healthcare_pipeline.py
[2026-07-10T10:38:49.152+0000] {processor.py:925} INFO - DAG(s) 'healthcare_pipeline' retrieved from /opt/airflow/dags/healthcare_pipeline.py
[2026-07-10T10:38:49.167+0000] {logging_mixin.py:190} INFO - [2026-07-10T10:38:49.167+0000] {dag.py:3239} INFO - Sync 1 DAGs
[2026-07-10T10:38:49.177+0000] {logging_mixin.py:190} INFO - [2026-07-10T10:38:49.177+0000] {dag.py:4180} INFO - Setting next_dagrun for healthcare_pipeline to 2026-07-10 00:00:00+00:00, run_after=2026-07-11 00:00:00+00:00
[2026-07-10T10:38:49.183+0000] {processor.py:208} INFO - Processing /opt/airflow/dags/healthcare_pipeline.py took 0.042 seconds
[2026-07-10T10:39:19.535+0000] {processor.py:186} INFO - Started process (PID=930) to work on /opt/airflow/dags/healthcare_pipeline.py
[2026-07-10T10:39:19.536+0000] {processor.py:914} INFO - Processing file /opt/airflow/dags/healthcare_pipeline.py for tasks to queue
[2026-07-10T10:39:19.538+0000] {logging_mixin.py:190} INFO - [2026-07-10T10:39:19.538+0000] {dagbag.py:588} INFO - Filling up the DagBag from /opt/airflow/dags/healthcare_pipeline.py
[2026-07-10T10:39:19.548+0000] {processor.py:925} INFO - DAG(s) 'healthcare_pipeline' retrieved from /opt/airflow/dags/healthcare_pipeline.py
[2026-07-10T10:39:19.570+0000] {logging_mixin.py:190} INFO - [2026-07-10T10:39:19.569+0000] {dag.py:3239} INFO - Sync 1 DAGs
[2026-07-10T10:39:19.582+0000] {logging_mixin.py:190} INFO - [2026-07-10T10:39:19.582+0000] {dag.py:4180} INFO - Setting next_dagrun for healthcare_pipeline to 2026-07-10 00:00:00+00:00, run_after=2026-07-11 00:00:00+00:00
[2026-07-10T10:39:19.591+0000] {processor.py:208} INFO - Processing /opt/airflow/dags/healthcare_pipeline.py took 0.062 seconds
[2026-07-10T10:39:49.886+0000] {processor.py:186} INFO - Started process (PID=931) to work on /opt/airflow/dags/healthcare_pipeline.py
[2026-07-10T10:39:49.887+0000] {processor.py:914} INFO - Processing file /opt/airflow/dags/healthcare_pipeline.py for tasks to queue
[2026-07-10T10:39:49.889+0000] {logging_mixin.py:190} INFO - [2026-07-10T10:39:49.889+0000] {dagbag.py:588} INFO - Filling up the DagBag from /opt/airflow/dags/healthcare_pipeline.py
[2026-07-10T10:39:49.898+0000] {processor.py:925} INFO - DAG(s) 'healthcare_pipeline' retrieved from /opt/airflow/dags/healthcare_pipeline.py
[2026-07-10T10:39:49.918+0000] {logging_mixin.py:190} INFO - [2026-07-10T10:39:49.918+0000] {dag.py:3239} INFO - Sync 1 DAGs
[2026-07-10T10:39:49.930+0000] {logging_mixin.py:190} INFO - [2026-07-10T10:39:49.930+0000] {dag.py:4180} INFO - Setting next_dagrun for healthcare_pipeline to 2026-07-10 00:00:00+00:00, run_after=2026-07-11 00:00:00+00:00
[2026-07-10T10:39:49.937+0000] {processor.py:208} INFO - Processing /opt/airflow/dags/healthcare_pipeline.py took 0.058 seconds
[2026-07-10T10:40:20.249+0000] {processor.py:186} INFO - Started process (PID=932) to work on /opt/airflow/dags/healthcare_pipeline.py
[2026-07-10T10:40:20.250+0000] {processor.py:914} INFO - Processing file /opt/airflow/dags/healthcare_pipeline.py for tasks to queue
[2026-07-10T10:40:20.252+0000] {logging_mixin.py:190} INFO - [2026-07-10T10:40:20.252+0000] {dagbag.py:588} INFO - Filling up the DagBag from /opt/airflow/dags/healthcare_pipeline.py
[2026-07-10T10:40:20.262+0000] {processor.py:925} INFO - DAG(s) 'healthcare_pipeline' retrieved from /opt/airflow/dags/healthcare_pipeline.py
[2026-07-10T10:40:20.283+0000] {logging_mixin.py:190} INFO - [2026-07-10T10:40:20.283+0000] {dag.py:3239} INFO - Sync 1 DAGs
[2026-07-10T10:40:20.295+0000] {logging_mixin.py:190} INFO - [2026-07-10T10:40:20.295+0000] {dag.py:4180} INFO - Setting next_dagrun for healthcare_pipeline to 2026-07-10 00:00:00+00:00, run_after=2026-07-11 00:00:00+00:00
[2026-07-10T10:40:20.302+0000] {processor.py:208} INFO - Processing /opt/airflow/dags/healthcare_pipeline.py took 0.060 seconds
[2026-07-10T10:40:50.611+0000] {processor.py:186} INFO - Started process (PID=933) to work on /opt/airflow/dags/healthcare_pipeline.py
[2026-07-10T10:40:50.612+0000] {processor.py:914} INFO - Processing file /opt/airflow/dags/healthcare_pipeline.py for tasks to queue
[2026-07-10T10:40:50.614+0000] {logging_mixin.py:190} INFO - [2026-07-10T10:40:50.614+0000] {dagbag.py:588} INFO - Filling up the DagBag from /opt/airflow/dags/healthcare_pipeline.py
[2026-07-10T10:40:50.624+0000] {processor.py:925} INFO - DAG(s) 'healthcare_pipeline' retrieved from /opt/airflow/dags/healthcare_pipeline.py
[2026-07-10T10:40:50.646+0000] {logging_mixin.py:190} INFO - [2026-07-10T10:40:50.645+0000] {dag.py:3239} INFO - Sync 1 DAGs
[2026-07-10T10:40:50.658+0000] {logging_mixin.py:190} INFO - [2026-07-10T10:40:50.658+0000] {dag.py:4180} INFO - Setting next_dagrun for healthcare_pipeline to 2026-07-10 00:00:00+00:00, run_after=2026-07-11 00:00:00+00:00
[2026-07-10T10:40:50.665+0000] {processor.py:208} INFO - Processing /opt/airflow/dags/healthcare_pipeline.py took 0.061 seconds
[2026-07-10T10:41:21.175+0000] {processor.py:186} INFO - Started process (PID=934) to work on /opt/airflow/dags/healthcare_pipeline.py
[2026-07-10T10:41:21.177+0000] {processor.py:914} INFO - Processing file /opt/airflow/dags/healthcare_pipeline.py for tasks to queue
[2026-07-10T10:41:21.181+0000] {logging_mixin.py:190} INFO - [2026-07-10T10:41:21.180+0000] {dagbag.py:588} INFO - Filling up the DagBag from /opt/airflow/dags/healthcare_pipeline.py
[2026-07-10T10:41:21.196+0000] {processor.py:925} INFO - DAG(s) 'healthcare_pipeline' retrieved from /opt/airflow/dags/healthcare_pipeline.py
[2026-07-10T10:41:21.221+0000] {logging_mixin.py:190} INFO - [2026-07-10T10:41:21.221+0000] {dag.py:3239} INFO - Sync 1 DAGs
[2026-07-10T10:41:21.234+0000] {logging_mixin.py:190} INFO - [2026-07-10T10:41:21.234+0000] {dag.py:4180} INFO - Setting next_dagrun for healthcare_pipeline to 2026-07-10 00:00:00+00:00, run_after=2026-07-11 00:00:00+00:00
[2026-07-10T10:41:21.242+0000] {processor.py:208} INFO - Processing /opt/airflow/dags/healthcare_pipeline.py took 0.077 seconds
[2026-07-10T10:41:51.552+0000] {processor.py:186} INFO - Started process (PID=935) to work on /opt/airflow/dags/healthcare_pipeline.py
[2026-07-10T10:41:51.553+0000] {processor.py:914} INFO - Processing file /opt/airflow/dags/healthcare_pipeline.py for tasks to queue
[2026-07-10T10:41:51.555+0000] {logging_mixin.py:190} INFO - [2026-07-10T10:41:51.555+0000] {dagbag.py:588} INFO - Filling up the DagBag from /opt/airflow/dags/healthcare_pipeline.py
[2026-07-10T10:41:51.564+0000] {processor.py:925} INFO - DAG(s) 'healthcare_pipeline' retrieved from /opt/airflow/dags/healthcare_pipeline.py
[2026-07-10T10:41:51.584+0000] {logging_mixin.py:190} INFO - [2026-07-10T10:41:51.584+0000] {dag.py:3239} INFO - Sync 1 DAGs
[2026-07-10T10:41:51.596+0000] {logging_mixin.py:190} INFO - [2026-07-10T10:41:51.595+0000] {dag.py:4180} INFO - Setting next_dagrun for healthcare_pipeline to 2026-07-10 00:00:00+00:00, run_after=2026-07-11 00:00:00+00:00
[2026-07-10T10:41:51.602+0000] {processor.py:208} INFO - Processing /opt/airflow/dags/healthcare_pipeline.py took 0.056 seconds
[2026-07-10T10:42:22.026+0000] {processor.py:186} INFO - Started process (PID=936) to work on /opt/airflow/dags/healthcare_pipeline.py
[2026-07-10T10:42:22.027+0000] {processor.py:914} INFO - Processing file /opt/airflow/dags/healthcare_pipeline.py for tasks to queue
[2026-07-10T10:42:22.029+0000] {logging_mixin.py:190} INFO - [2026-07-10T10:42:22.028+0000] {dagbag.py:588} INFO - Filling up the DagBag from /opt/airflow/dags/healthcare_pipeline.py
[2026-07-10T10:42:22.038+0000] {processor.py:925} INFO - DAG(s) 'healthcare_pipeline' retrieved from /opt/airflow/dags/healthcare_pipeline.py
[2026-07-10T10:42:22.057+0000] {logging_mixin.py:190} INFO - [2026-07-10T10:42:22.057+0000] {dag.py:3239} INFO - Sync 1 DAGs
[2026-07-10T10:42:22.067+0000] {logging_mixin.py:190} INFO - [2026-07-10T10:42:22.067+0000] {dag.py:4180} INFO - Setting next_dagrun for healthcare_pipeline to 2026-07-10 00:00:00+00:00, run_after=2026-07-11 00:00:00+00:00
[2026-07-10T10:42:22.075+0000] {processor.py:208} INFO - Processing /opt/airflow/dags/healthcare_pipeline.py took 0.054 seconds
[2026-07-10T10:42:52.470+0000] {processor.py:186} INFO - Started process (PID=937) to work on /opt/airflow/dags/healthcare_pipeline.py
[2026-07-10T10:42:52.471+0000] {processor.py:914} INFO - Processing file /opt/airflow/dags/healthcare_pipeline.py for tasks to queue
[2026-07-10T10:42:52.474+0000] {logging_mixin.py:190} INFO - [2026-07-10T10:42:52.473+0000] {dagbag.py:588} INFO - Filling up the DagBag from /opt/airflow/dags/healthcare_pipeline.py
[2026-07-10T10:42:52.483+0000] {processor.py:925} INFO - DAG(s) 'healthcare_pipeline' retrieved from /opt/airflow/dags/healthcare_pipeline.py
[2026-07-10T10:42:52.506+0000] {logging_mixin.py:190} INFO - [2026-07-10T10:42:52.506+0000] {dag.py:3239} INFO - Sync 1 DAGs
[2026-07-10T10:42:52.517+0000] {logging_mixin.py:190} INFO - [2026-07-10T10:42:52.517+0000] {dag.py:4180} INFO - Setting next_dagrun for healthcare_pipeline to 2026-07-10 00:00:00+00:00, run_after=2026-07-11 00:00:00+00:00
[2026-07-10T10:42:52.524+0000] {processor.py:208} INFO - Processing /opt/airflow/dags/healthcare_pipeline.py took 0.060 seconds
[2026-07-10T10:43:22.869+0000] {processor.py:186} INFO - Started process (PID=938) to work on /opt/airflow/dags/healthcare_pipeline.py
[2026-07-10T10:43:22.870+0000] {processor.py:914} INFO - Processing file /opt/airflow/dags/healthcare_pipeline.py for tasks to queue
[2026-07-10T10:43:22.872+0000] {logging_mixin.py:190} INFO - [2026-07-10T10:43:22.872+0000] {dagbag.py:588} INFO - Filling up the DagBag from /opt/airflow/dags/healthcare_pipeline.py
[2026-07-10T10:43:22.882+0000] {processor.py:925} INFO - DAG(s) 'healthcare_pipeline' retrieved from /opt/airflow/dags/healthcare_pipeline.py
[2026-07-10T10:43:22.902+0000] {logging_mixin.py:190} INFO - [2026-07-10T10:43:22.902+0000] {dag.py:3239} INFO - Sync 1 DAGs
[2026-07-10T10:43:22.913+0000] {logging_mixin.py:190} INFO - [2026-07-10T10:43:22.913+0000] {dag.py:4180} INFO - Setting next_dagrun for healthcare_pipeline to 2026-07-10 00:00:00+00:00, run_after=2026-07-11 00:00:00+00:00
[2026-07-10T10:43:22.920+0000] {processor.py:208} INFO - Processing /opt/airflow/dags/healthcare_pipeline.py took 0.057 seconds
[2026-07-10T10:43:53.368+0000] {processor.py:186} INFO - Started process (PID=939) to work on /opt/airflow/dags/healthcare_pipeline.py
[2026-07-10T10:43:53.369+0000] {processor.py:914} INFO - Processing file /opt/airflow/dags/healthcare_pipeline.py for tasks to queue
[2026-07-10T10:43:53.372+0000] {logging_mixin.py:190} INFO - [2026-07-10T10:43:53.372+0000] {dagbag.py:588} INFO - Filling up the DagBag from /opt/airflow/dags/healthcare_pipeline.py
[2026-07-10T10:43:53.384+0000] {processor.py:925} INFO - DAG(s) 'healthcare_pipeline' retrieved from /opt/airflow/dags/healthcare_pipeline.py
[2026-07-10T10:43:53.408+0000] {logging_mixin.py:190} INFO - [2026-07-10T10:43:53.408+0000] {dag.py:3239} INFO - Sync 1 DAGs
[2026-07-10T10:43:53.420+0000] {logging_mixin.py:190} INFO - [2026-07-10T10:43:53.420+0000] {dag.py:4180} INFO - Setting next_dagrun for healthcare_pipeline to 2026-07-10 00:00:00+00:00, run_after=2026-07-11 00:00:00+00:00
[2026-07-10T10:43:53.428+0000] {processor.py:208} INFO - Processing /opt/airflow/dags/healthcare_pipeline.py took 0.069 seconds
[2026-07-10T10:44:23.672+0000] {processor.py:186} INFO - Started process (PID=940) to work on /opt/airflow/dags/healthcare_pipeline.py
[2026-07-10T10:44:23.673+0000] {processor.py:914} INFO - Processing file /opt/airflow/dags/healthcare_pipeline.py for tasks to queue
[2026-07-10T10:44:23.677+0000] {logging_mixin.py:190} INFO - [2026-07-10T10:44:23.677+0000] {dagbag.py:588} INFO - Filling up the DagBag from /opt/airflow/dags/healthcare_pipeline.py
[2026-07-10T10:44:23.694+0000] {processor.py:925} INFO - DAG(s) 'healthcare_pipeline' retrieved from /opt/airflow/dags/healthcare_pipeline.py
[2026-07-10T10:44:23.722+0000] {logging_mixin.py:190} INFO - [2026-07-10T10:44:23.722+0000] {dag.py:3239} INFO - Sync 1 DAGs
[2026-07-10T10:44:23.737+0000] {logging_mixin.py:190} INFO - [2026-07-10T10:44:23.737+0000] {dag.py:4180} INFO - Setting next_dagrun for healthcare_pipeline to 2026-07-10 00:00:00+00:00, run_after=2026-07-11 00:00:00+00:00
[2026-07-10T10:44:23.745+0000] {processor.py:208} INFO - Processing /opt/airflow/dags/healthcare_pipeline.py took 0.083 seconds
[2026-07-10T10:44:54.063+0000] {processor.py:186} INFO - Started process (PID=941) to work on /opt/airflow/dags/healthcare_pipeline.py
[2026-07-10T10:44:54.064+0000] {processor.py:914} INFO - Processing file /opt/airflow/dags/healthcare_pipeline.py for tasks to queue
[2026-07-10T10:44:54.069+0000] {logging_mixin.py:190} INFO - [2026-07-10T10:44:54.069+0000] {dagbag.py:588} INFO - Filling up the DagBag from /opt/airflow/dags/healthcare_pipeline.py
[2026-07-10T10:44:54.088+0000] {processor.py:925} INFO - DAG(s) 'healthcare_pipeline' retrieved from /opt/airflow/dags/healthcare_pipeline.py
[2026-07-10T10:44:54.121+0000] {logging_mixin.py:190} INFO - [2026-07-10T10:44:54.121+0000] {dag.py:3239} INFO - Sync 1 DAGs
[2026-07-10T10:44:54.141+0000] {logging_mixin.py:190} INFO - [2026-07-10T10:44:54.141+0000] {dag.py:4180} INFO - Setting next_dagrun for healthcare_pipeline to 2026-07-10 00:00:00+00:00, run_after=2026-07-11 00:00:00+00:00
[2026-07-10T10:44:54.151+0000] {processor.py:208} INFO - Processing /opt/airflow/dags/healthcare_pipeline.py took 0.100 seconds
