[2026-07-15T04:35:46.233+0000] {local_task_job_runner.py:123} INFO - ::group::Pre task execution logs
[2026-07-15T04:35:46.241+0000] {taskinstance.py:2614} INFO - Dependencies all met for dep_context=non-requeueable deps ti=<TaskInstance: healthcare_pipeline.dbt_run scheduled__2026-07-14T00:00:00+00:00 [queued]>
[2026-07-15T04:35:46.245+0000] {taskinstance.py:2614} INFO - Dependencies all met for dep_context=requeueable deps ti=<TaskInstance: healthcare_pipeline.dbt_run scheduled__2026-07-14T00:00:00+00:00 [queued]>
[2026-07-15T04:35:46.245+0000] {taskinstance.py:2867} INFO - Starting attempt 1 of 1
[2026-07-15T04:35:46.249+0000] {taskinstance.py:2890} INFO - Executing <Task(BashOperator): dbt_run> on 2026-07-14 00:00:00+00:00
[2026-07-15T04:35:46.252+0000] {standard_task_runner.py:72} INFO - Started process 148 to run task
[2026-07-15T04:35:46.253+0000] {standard_task_runner.py:104} INFO - Running: ['***', 'tasks', 'run', 'healthcare_pipeline', 'dbt_run', 'scheduled__2026-07-14T00:00:00+00:00', '--job-id', '281', '--raw', '--subdir', 'DAGS_FOLDER/healthcare_pipeline.py', '--cfg-path', '/tmp/tmpuvwdg8ip']
[2026-07-15T04:35:46.254+0000] {standard_task_runner.py:105} INFO - Job 281: Subtask dbt_run
[2026-07-15T04:35:46.277+0000] {task_command.py:467} INFO - Running <TaskInstance: healthcare_pipeline.dbt_run scheduled__2026-07-14T00:00:00+00:00 [running]> on host 731f2df5a779
[2026-07-15T04:35:46.319+0000] {taskinstance.py:3134} INFO - Exporting env vars: AIRFLOW_CTX_DAG_OWNER='***' AIRFLOW_CTX_DAG_ID='healthcare_pipeline' AIRFLOW_CTX_TASK_ID='dbt_run' AIRFLOW_CTX_EXECUTION_DATE='2026-07-14T00:00:00+00:00' AIRFLOW_CTX_TRY_NUMBER='1' AIRFLOW_CTX_DAG_RUN_ID='scheduled__2026-07-14T00:00:00+00:00'
[2026-07-15T04:35:46.320+0000] {taskinstance.py:732} INFO - ::endgroup::
[2026-07-15T04:35:46.326+0000] {subprocess.py:78} INFO - Tmp dir root location: /tmp
[2026-07-15T04:35:46.327+0000] {subprocess.py:88} INFO - Running command: ['/usr/bin/bash', '-c', 'cd /opt/***/dbt_project && dbt run']
[2026-07-15T04:35:46.331+0000] {subprocess.py:99} INFO - Output:
[2026-07-15T04:35:47.604+0000] {subprocess.py:106} INFO - [0m04:35:47  Running with dbt=1.12.0-rc1
[2026-07-15T04:35:47.735+0000] {subprocess.py:106} INFO - [0m04:35:47  Registered adapter: postgres=1.10.2
[2026-07-15T04:35:47.854+0000] {subprocess.py:106} INFO - [0m04:35:47  [[33mWARNING[0m]: Configuration paths exist in your dbt_project.yml file which do not apply to any resources.
[2026-07-15T04:35:47.854+0000] {subprocess.py:106} INFO - There are 1 unused configuration paths:
[2026-07-15T04:35:47.854+0000] {subprocess.py:106} INFO - - models.dbt_project.example
[2026-07-15T04:35:47.938+0000] {subprocess.py:106} INFO - [0m04:35:47  Found 19 models, 7 sources, 475 macros
[2026-07-15T04:35:47.940+0000] {subprocess.py:106} INFO - [0m04:35:47
[2026-07-15T04:35:47.940+0000] {subprocess.py:106} INFO - [0m04:35:47  Concurrency: 4 threads (target='dev')
[2026-07-15T04:35:47.940+0000] {subprocess.py:106} INFO - [0m04:35:47
[2026-07-15T04:35:48.001+0000] {subprocess.py:106} INFO - [0m04:35:48
[2026-07-15T04:35:48.001+0000] {subprocess.py:106} INFO - [0m04:35:48  Finished running  in 0 hours 0 minutes and 0.06 seconds (0.06s).
[2026-07-15T04:35:48.002+0000] {subprocess.py:106} INFO - [0m04:35:48  [[31mERROR[0m]: Encountered an error:
[2026-07-15T04:35:48.002+0000] {subprocess.py:106} INFO - Database Error
[2026-07-15T04:35:48.002+0000] {subprocess.py:106} INFO -   connection to server at "postgres" (172.18.0.4), port 5432 failed: FATAL:  password authentication failed for user "warehouse"
[2026-07-15T04:35:48.002+0000] {subprocess.py:106} INFO - 
[2026-07-15T04:35:49.863+0000] {subprocess.py:110} INFO - Command exited with return code 2
[2026-07-15T04:35:49.870+0000] {taskinstance.py:3313} ERROR - Task failed with exception
Traceback (most recent call last):
  File "/home/airflow/.local/lib/python3.12/site-packages/airflow/models/taskinstance.py", line 768, in _execute_task
    result = _execute_callable(context=context, **execute_callable_kwargs)
             ^^^^^^^^^^^^^^^^^^^^^^^^^^^^^^^^^^^^^^^^^^^^^^^^^^^^^^^^^^^^^
  File "/home/airflow/.local/lib/python3.12/site-packages/airflow/models/taskinstance.py", line 734, in _execute_callable
    return ExecutionCallableRunner(
           ^^^^^^^^^^^^^^^^^^^^^^^^
  File "/home/airflow/.local/lib/python3.12/site-packages/airflow/utils/operator_helpers.py", line 252, in run
    return self.func(*args, **kwargs)
           ^^^^^^^^^^^^^^^^^^^^^^^^^^
  File "/home/airflow/.local/lib/python3.12/site-packages/airflow/models/baseoperator.py", line 424, in wrapper
    return func(self, *args, **kwargs)
           ^^^^^^^^^^^^^^^^^^^^^^^^^^^
  File "/home/airflow/.local/lib/python3.12/site-packages/airflow/operators/bash.py", line 276, in execute
    raise AirflowException(
airflow.exceptions.AirflowException: Bash command failed. The command returned a non-zero exit code 2.
[2026-07-15T04:35:49.872+0000] {taskinstance.py:1226} INFO - Marking task as FAILED. dag_id=healthcare_pipeline, task_id=dbt_run, run_id=scheduled__2026-07-14T00:00:00+00:00, execution_date=20260714T000000, start_date=20260715T043546, end_date=20260715T043549
[2026-07-15T04:35:49.887+0000] {taskinstance.py:341} INFO - ::group::Post task execution logs
[2026-07-15T04:35:49.887+0000] {standard_task_runner.py:124} ERROR - Failed to execute job 281 for task dbt_run (Bash command failed. The command returned a non-zero exit code 2.; 148)
Traceback (most recent call last):
  File "/home/airflow/.local/lib/python3.12/site-packages/airflow/task/task_runner/standard_task_runner.py", line 117, in _start_by_fork
    ret = args.func(args, dag=self.dag)
          ^^^^^^^^^^^^^^^^^^^^^^^^^^^^^
  File "/home/airflow/.local/lib/python3.12/site-packages/airflow/cli/cli_config.py", line 49, in command
    return func(*args, **kwargs)
           ^^^^^^^^^^^^^^^^^^^^^
  File "/home/airflow/.local/lib/python3.12/site-packages/airflow/utils/cli.py", line 116, in wrapper
    return f(*args, **kwargs)
           ^^^^^^^^^^^^^^^^^^
  File "/home/airflow/.local/lib/python3.12/site-packages/airflow/cli/commands/task_command.py", line 483, in task_run
    task_return_code = _run_task_by_selected_method(args, _dag, ti)
                       ^^^^^^^^^^^^^^^^^^^^^^^^^^^^^^^^^^^^^^^^^^^^
  File "/home/airflow/.local/lib/python3.12/site-packages/airflow/cli/commands/task_command.py", line 256, in _run_task_by_selected_method
    return _run_raw_task(args, ti)
           ^^^^^^^^^^^^^^^^^^^^^^^
  File "/home/airflow/.local/lib/python3.12/site-packages/airflow/cli/commands/task_command.py", line 341, in _run_raw_task
    return ti._run_raw_task(
           ^^^^^^^^^^^^^^^^^
  File "/home/airflow/.local/lib/python3.12/site-packages/airflow/utils/session.py", line 97, in wrapper
    return func(*args, session=session, **kwargs)
           ^^^^^^^^^^^^^^^^^^^^^^^^^^^^^^^^^^^^^^
  File "/home/airflow/.local/lib/python3.12/site-packages/airflow/models/taskinstance.py", line 3006, in _run_raw_task
    return _run_raw_task(
           ^^^^^^^^^^^^^^
  File "/home/airflow/.local/lib/python3.12/site-packages/airflow/models/taskinstance.py", line 274, in _run_raw_task
    TaskInstance._execute_task_with_callbacks(
  File "/home/airflow/.local/lib/python3.12/site-packages/airflow/models/taskinstance.py", line 3161, in _execute_task_with_callbacks
    result = self._execute_task(context, task_orig)
             ^^^^^^^^^^^^^^^^^^^^^^^^^^^^^^^^^^^^^^
  File "/home/airflow/.local/lib/python3.12/site-packages/airflow/models/taskinstance.py", line 3185, in _execute_task
    return _execute_task(self, context, task_orig)
           ^^^^^^^^^^^^^^^^^^^^^^^^^^^^^^^^^^^^^^^
  File "/home/airflow/.local/lib/python3.12/site-packages/airflow/models/taskinstance.py", line 768, in _execute_task
    result = _execute_callable(context=context, **execute_callable_kwargs)
             ^^^^^^^^^^^^^^^^^^^^^^^^^^^^^^^^^^^^^^^^^^^^^^^^^^^^^^^^^^^^^
  File "/home/airflow/.local/lib/python3.12/site-packages/airflow/models/taskinstance.py", line 734, in _execute_callable
    return ExecutionCallableRunner(
           ^^^^^^^^^^^^^^^^^^^^^^^^
  File "/home/airflow/.local/lib/python3.12/site-packages/airflow/utils/operator_helpers.py", line 252, in run
    return self.func(*args, **kwargs)
           ^^^^^^^^^^^^^^^^^^^^^^^^^^
  File "/home/airflow/.local/lib/python3.12/site-packages/airflow/models/baseoperator.py", line 424, in wrapper
    return func(self, *args, **kwargs)
           ^^^^^^^^^^^^^^^^^^^^^^^^^^^
  File "/home/airflow/.local/lib/python3.12/site-packages/airflow/operators/bash.py", line 276, in execute
    raise AirflowException(
airflow.exceptions.AirflowException: Bash command failed. The command returned a non-zero exit code 2.
[2026-07-15T04:35:49.898+0000] {local_task_job_runner.py:266} INFO - Task exited with return code 1
[2026-07-15T04:35:49.906+0000] {taskinstance.py:3901} INFO - 0 downstream tasks scheduled from follow-on schedule check
[2026-07-15T04:35:49.907+0000] {local_task_job_runner.py:245} INFO - ::endgroup::
