[2026-07-11T00:11:21.207+0000] {local_task_job_runner.py:123} INFO - ::group::Pre task execution logs
[2026-07-11T00:11:21.216+0000] {taskinstance.py:2614} INFO - Dependencies all met for dep_context=non-requeueable deps ti=<TaskInstance: healthcare_pipeline.extract_postgres scheduled__2026-07-10T00:00:00+00:00 [queued]>
[2026-07-11T00:11:21.219+0000] {taskinstance.py:2614} INFO - Dependencies all met for dep_context=requeueable deps ti=<TaskInstance: healthcare_pipeline.extract_postgres scheduled__2026-07-10T00:00:00+00:00 [queued]>
[2026-07-11T00:11:21.219+0000] {taskinstance.py:2867} INFO - Starting attempt 1 of 1
[2026-07-11T00:11:21.224+0000] {taskinstance.py:2890} INFO - Executing <Task(BashOperator): extract_postgres> on 2026-07-10 00:00:00+00:00
[2026-07-11T00:11:21.226+0000] {standard_task_runner.py:72} INFO - Started process 1545 to run task
[2026-07-11T00:11:21.228+0000] {standard_task_runner.py:104} INFO - Running: ['***', 'tasks', 'run', 'healthcare_pipeline', 'extract_postgres', 'scheduled__2026-07-10T00:00:00+00:00', '--job-id', '204', '--raw', '--subdir', 'DAGS_FOLDER/healthcare_pipeline.py', '--cfg-path', '/tmp/tmpvzai0trx']
[2026-07-11T00:11:21.229+0000] {standard_task_runner.py:105} INFO - Job 204: Subtask extract_postgres
[2026-07-11T00:11:21.255+0000] {task_command.py:467} INFO - Running <TaskInstance: healthcare_pipeline.extract_postgres scheduled__2026-07-10T00:00:00+00:00 [running]> on host 94b22ff46e29
[2026-07-11T00:11:21.292+0000] {taskinstance.py:3134} INFO - Exporting env vars: AIRFLOW_CTX_DAG_OWNER='***' AIRFLOW_CTX_DAG_ID='healthcare_pipeline' AIRFLOW_CTX_TASK_ID='extract_postgres' AIRFLOW_CTX_EXECUTION_DATE='2026-07-10T00:00:00+00:00' AIRFLOW_CTX_TRY_NUMBER='1' AIRFLOW_CTX_DAG_RUN_ID='scheduled__2026-07-10T00:00:00+00:00'
[2026-07-11T00:11:21.292+0000] {taskinstance.py:732} INFO - ::endgroup::
[2026-07-11T00:11:21.300+0000] {subprocess.py:78} INFO - Tmp dir root location: /tmp
[2026-07-11T00:11:21.300+0000] {subprocess.py:88} INFO - Running command: ['/usr/bin/bash', '-c', '\n        python /opt/***/src/extract/extract_postgres.py\n        ']
[2026-07-11T00:11:21.304+0000] {subprocess.py:99} INFO - Output:
[2026-07-11T00:11:21.939+0000] {subprocess.py:106} INFO - /opt/***/src/extract/extract_postgres.py:28: UserWarning: pandas only supports SQLAlchemy connectable (engine/connection) or database string URI or sqlite3 DBAPI2 connection. Other DBAPI2 objects are not tested. Please consider using SQLAlchemy.
[2026-07-11T00:11:21.939+0000] {subprocess.py:106} INFO -   df = pd.read_sql(f"select * from {table_name}", conn)
[2026-07-11T00:11:24.029+0000] {subprocess.py:106} INFO - /opt/***/src/extract/extract_postgres.py:28: UserWarning: pandas only supports SQLAlchemy connectable (engine/connection) or database string URI or sqlite3 DBAPI2 connection. Other DBAPI2 objects are not tested. Please consider using SQLAlchemy.
[2026-07-11T00:11:24.029+0000] {subprocess.py:106} INFO -   df = pd.read_sql(f"select * from {table_name}", conn)
[2026-07-11T00:11:24.042+0000] {subprocess.py:106} INFO - /opt/***/src/extract/extract_postgres.py:28: UserWarning: pandas only supports SQLAlchemy connectable (engine/connection) or database string URI or sqlite3 DBAPI2 connection. Other DBAPI2 objects are not tested. Please consider using SQLAlchemy.
[2026-07-11T00:11:24.042+0000] {subprocess.py:106} INFO -   df = pd.read_sql(f"select * from {table_name}", conn)
[2026-07-11T00:11:24.053+0000] {subprocess.py:106} INFO - Loading encounters -> file 'raw_encounters.csv' ...
[2026-07-11T00:11:24.053+0000] {subprocess.py:106} INFO - Loaded 76295 rows into 'raw_encounters.csv'
[2026-07-11T00:11:24.053+0000] {subprocess.py:106} INFO - Loading providers -> file 'raw_providers.csv' ...
[2026-07-11T00:11:24.053+0000] {subprocess.py:106} INFO - Loaded 851 rows into 'raw_providers.csv'
[2026-07-11T00:11:24.053+0000] {subprocess.py:106} INFO - Loading organizations -> file 'raw_organizations.csv' ...
[2026-07-11T00:11:24.054+0000] {subprocess.py:106} INFO - Loaded 851 rows into 'raw_organizations.csv'
[2026-07-11T00:11:24.054+0000] {subprocess.py:106} INFO - Done. All three tables loaded into data/raw.
[2026-07-11T00:11:24.103+0000] {subprocess.py:110} INFO - Command exited with return code 0
[2026-07-11T00:11:24.125+0000] {taskinstance.py:341} INFO - ::group::Post task execution logs
[2026-07-11T00:11:24.125+0000] {taskinstance.py:353} INFO - Marking task as SUCCESS. dag_id=healthcare_pipeline, task_id=extract_postgres, run_id=scheduled__2026-07-10T00:00:00+00:00, execution_date=20260710T000000, start_date=20260711T001121, end_date=20260711T001124
[2026-07-11T00:11:24.148+0000] {local_task_job_runner.py:266} INFO - Task exited with return code 0
[2026-07-11T00:11:24.167+0000] {taskinstance.py:3901} INFO - 1 downstream tasks scheduled from follow-on schedule check
[2026-07-11T00:11:24.168+0000] {local_task_job_runner.py:245} INFO - ::endgroup::
