[2026-07-10T10:33:18.692+0000] {local_task_job_runner.py:123} INFO - ::group::Pre task execution logs
[2026-07-10T10:33:18.701+0000] {taskinstance.py:2614} INFO - Dependencies all met for dep_context=non-requeueable deps ti=<TaskInstance: healthcare_pipeline.dbt_run manual__2026-07-10T10:32:46.481311+00:00 [queued]>
[2026-07-10T10:33:18.705+0000] {taskinstance.py:2614} INFO - Dependencies all met for dep_context=requeueable deps ti=<TaskInstance: healthcare_pipeline.dbt_run manual__2026-07-10T10:32:46.481311+00:00 [queued]>
[2026-07-10T10:33:18.705+0000] {taskinstance.py:2867} INFO - Starting attempt 1 of 1
[2026-07-10T10:33:18.709+0000] {taskinstance.py:2890} INFO - Executing <Task(BashOperator): dbt_run> on 2026-07-10 10:32:46.481311+00:00
[2026-07-10T10:33:18.712+0000] {standard_task_runner.py:72} INFO - Started process 905 to run task
[2026-07-10T10:33:18.713+0000] {standard_task_runner.py:104} INFO - Running: ['***', 'tasks', 'run', 'healthcare_pipeline', 'dbt_run', 'manual__2026-07-10T10:32:46.481311+00:00', '--job-id', '201', '--raw', '--subdir', 'DAGS_FOLDER/healthcare_pipeline.py', '--cfg-path', '/tmp/tmp8yn3e09a']
[2026-07-10T10:33:18.714+0000] {standard_task_runner.py:105} INFO - Job 201: Subtask dbt_run
[2026-07-10T10:33:18.737+0000] {task_command.py:467} INFO - Running <TaskInstance: healthcare_pipeline.dbt_run manual__2026-07-10T10:32:46.481311+00:00 [running]> on host 94b22ff46e29
[2026-07-10T10:33:18.770+0000] {taskinstance.py:3134} INFO - Exporting env vars: AIRFLOW_CTX_DAG_OWNER='***' AIRFLOW_CTX_DAG_ID='healthcare_pipeline' AIRFLOW_CTX_TASK_ID='dbt_run' AIRFLOW_CTX_EXECUTION_DATE='2026-07-10T10:32:46.481311+00:00' AIRFLOW_CTX_TRY_NUMBER='1' AIRFLOW_CTX_DAG_RUN_ID='manual__2026-07-10T10:32:46.481311+00:00'
[2026-07-10T10:33:18.771+0000] {taskinstance.py:732} INFO - ::endgroup::
[2026-07-10T10:33:18.777+0000] {subprocess.py:78} INFO - Tmp dir root location: /tmp
[2026-07-10T10:33:18.777+0000] {subprocess.py:88} INFO - Running command: ['/usr/bin/bash', '-c', 'cd /opt/***/dbt_project && dbt run']
[2026-07-10T10:33:18.781+0000] {subprocess.py:99} INFO - Output:
[2026-07-10T10:33:19.878+0000] {subprocess.py:106} INFO - [0m10:33:19  Running with dbt=1.12.0-rc1
[2026-07-10T10:33:19.990+0000] {subprocess.py:106} INFO - [0m10:33:19  Registered adapter: postgres=1.10.2
[2026-07-10T10:33:20.097+0000] {subprocess.py:106} INFO - [0m10:33:20  [[33mWARNING[0m]: Configuration paths exist in your dbt_project.yml file which do not apply to any resources.
[2026-07-10T10:33:20.097+0000] {subprocess.py:106} INFO - There are 1 unused configuration paths:
[2026-07-10T10:33:20.097+0000] {subprocess.py:106} INFO - - models.dbt_project.example
[2026-07-10T10:33:20.181+0000] {subprocess.py:106} INFO - [0m10:33:20  Found 15 models, 7 sources, 475 macros
[2026-07-10T10:33:20.183+0000] {subprocess.py:106} INFO - [0m10:33:20
[2026-07-10T10:33:20.183+0000] {subprocess.py:106} INFO - [0m10:33:20  Concurrency: 4 threads (target='dev')
[2026-07-10T10:33:20.183+0000] {subprocess.py:106} INFO - [0m10:33:20
[2026-07-10T10:33:20.268+0000] {subprocess.py:106} INFO - [0m10:33:20  1 of 15 START sql view model public.dim_date ................................... [RUN]
[2026-07-10T10:33:20.268+0000] {subprocess.py:106} INFO - [0m10:33:20  2 of 15 START sql view model public.stg_claims ................................. [RUN]
[2026-07-10T10:33:20.268+0000] {subprocess.py:106} INFO - [0m10:33:20  3 of 15 START sql view model public.stg_encounters ............................. [RUN]
[2026-07-10T10:33:20.269+0000] {subprocess.py:106} INFO - [0m10:33:20  4 of 15 START sql view model public.stg_observations ........................... [RUN]
[2026-07-10T10:33:20.362+0000] {subprocess.py:106} INFO - [0m10:33:20  3 of 15 OK created sql view model public.stg_encounters ........................ [[32mCREATE VIEW[0m in 0.09s]
[2026-07-10T10:33:20.364+0000] {subprocess.py:106} INFO - [0m10:33:20  1 of 15 OK created sql view model public.dim_date .............................. [[32mCREATE VIEW[0m in 0.09s]
[2026-07-10T10:33:20.365+0000] {subprocess.py:106} INFO - [0m10:33:20  2 of 15 OK created sql view model public.stg_claims ............................ [[32mCREATE VIEW[0m in 0.09s]
[2026-07-10T10:33:20.366+0000] {subprocess.py:106} INFO - [0m10:33:20  4 of 15 OK created sql view model public.stg_observations ...................... [[32mCREATE VIEW[0m in 0.09s]
[2026-07-10T10:33:20.366+0000] {subprocess.py:106} INFO - [0m10:33:20  5 of 15 START sql view model public.stg_organizations .......................... [RUN]
[2026-07-10T10:33:20.367+0000] {subprocess.py:106} INFO - [0m10:33:20  6 of 15 START sql view model public.stg_patients ............................... [RUN]
[2026-07-10T10:33:20.368+0000] {subprocess.py:106} INFO - [0m10:33:20  7 of 15 START sql view model public.stg_payers ................................. [RUN]
[2026-07-10T10:33:20.369+0000] {subprocess.py:106} INFO - [0m10:33:20  8 of 15 START sql view model public.stg_providers .............................. [RUN]
[2026-07-10T10:33:20.428+0000] {subprocess.py:106} INFO - [0m10:33:20  5 of 15 OK created sql view model public.stg_organizations ..................... [[32mCREATE VIEW[0m in 0.06s]
[2026-07-10T10:33:20.429+0000] {subprocess.py:106} INFO - [0m10:33:20  7 of 15 OK created sql view model public.stg_payers ............................ [[32mCREATE VIEW[0m in 0.06s]
[2026-07-10T10:33:20.430+0000] {subprocess.py:106} INFO - [0m10:33:20  6 of 15 OK created sql view model public.stg_patients .......................... [[32mCREATE VIEW[0m in 0.06s]
[2026-07-10T10:33:20.430+0000] {subprocess.py:106} INFO - [0m10:33:20  8 of 15 OK created sql view model public.stg_providers ......................... [[32mCREATE VIEW[0m in 0.06s]
[2026-07-10T10:33:20.432+0000] {subprocess.py:106} INFO - [0m10:33:20  9 of 15 START sql view model public.fact_encounter ............................. [RUN]
[2026-07-10T10:33:20.433+0000] {subprocess.py:106} INFO - [0m10:33:20  10 of 15 START sql view model public.fact_claim_line ........................... [RUN]
[2026-07-10T10:33:20.433+0000] {subprocess.py:106} INFO - [0m10:33:20  11 of 15 START sql view model public.fact_lab_result ........................... [RUN]
[2026-07-10T10:33:20.433+0000] {subprocess.py:106} INFO - [0m10:33:20  12 of 15 START sql view model public.dim_facility .............................. [RUN]
[2026-07-10T10:33:20.481+0000] {subprocess.py:106} INFO - [0m10:33:20  9 of 15 OK created sql view model public.fact_encounter ........................ [[32mCREATE VIEW[0m in 0.05s]
[2026-07-10T10:33:20.483+0000] {subprocess.py:106} INFO - [0m10:33:20  10 of 15 OK created sql view model public.fact_claim_line ...................... [[32mCREATE VIEW[0m in 0.05s]
[2026-07-10T10:33:20.484+0000] {subprocess.py:106} INFO - [0m10:33:20  13 of 15 START sql view model public.dim_insurance_plan ........................ [RUN]
[2026-07-10T10:33:20.485+0000] {subprocess.py:106} INFO - [0m10:33:20  12 of 15 OK created sql view model public.dim_facility ......................... [[32mCREATE VIEW[0m in 0.05s]
[2026-07-10T10:33:20.486+0000] {subprocess.py:106} INFO - [0m10:33:20  11 of 15 OK created sql view model public.fact_lab_result ...................... [[32mCREATE VIEW[0m in 0.05s]
[2026-07-10T10:33:20.486+0000] {subprocess.py:106} INFO - [0m10:33:20  14 of 15 START sql view model public.dim_patient ............................... [RUN]
[2026-07-10T10:33:20.489+0000] {subprocess.py:106} INFO - [0m10:33:20  15 of 15 START sql view model public.dim_provider .............................. [RUN]
[2026-07-10T10:33:20.527+0000] {subprocess.py:106} INFO - [0m10:33:20  13 of 15 OK created sql view model public.dim_insurance_plan ................... [[32mCREATE VIEW[0m in 0.04s]
[2026-07-10T10:33:20.527+0000] {subprocess.py:106} INFO - [0m10:33:20  15 of 15 OK created sql view model public.dim_provider ......................... [[32mCREATE VIEW[0m in 0.04s]
[2026-07-10T10:33:20.528+0000] {subprocess.py:106} INFO - [0m10:33:20  14 of 15 OK created sql view model public.dim_patient .......................... [[32mCREATE VIEW[0m in 0.04s]
[2026-07-10T10:33:20.535+0000] {subprocess.py:106} INFO - [0m10:33:20
[2026-07-10T10:33:20.536+0000] {subprocess.py:106} INFO - [0m10:33:20  Finished running 15 view models in 0 hours 0 minutes and 0.35 seconds (0.35s).
[2026-07-10T10:33:20.565+0000] {subprocess.py:106} INFO - [0m10:33:20
[2026-07-10T10:33:20.565+0000] {subprocess.py:106} INFO - [0m10:33:20  [32mCompleted successfully[0m
[2026-07-10T10:33:20.565+0000] {subprocess.py:106} INFO - [0m10:33:20
[2026-07-10T10:33:20.565+0000] {subprocess.py:106} INFO - [0m10:33:20  Done. PASS=15 WARN=0 ERROR=0 SKIP=0 NO-OP=0 REUSED=0 TOTAL=15
[2026-07-10T10:33:23.282+0000] {subprocess.py:110} INFO - Command exited with return code 0
[2026-07-10T10:33:23.298+0000] {taskinstance.py:341} INFO - ::group::Post task execution logs
[2026-07-10T10:33:23.298+0000] {taskinstance.py:353} INFO - Marking task as SUCCESS. dag_id=healthcare_pipeline, task_id=dbt_run, run_id=manual__2026-07-10T10:32:46.481311+00:00, execution_date=20260710T103246, start_date=20260710T103318, end_date=20260710T103323
[2026-07-10T10:33:23.348+0000] {local_task_job_runner.py:266} INFO - Task exited with return code 0
[2026-07-10T10:33:23.358+0000] {taskinstance.py:3901} INFO - 0 downstream tasks scheduled from follow-on schedule check
[2026-07-10T10:33:23.358+0000] {local_task_job_runner.py:245} INFO - ::endgroup::
