[2026-07-15T04:40:54.341+0000] {local_task_job_runner.py:123} INFO - ::group::Pre task execution logs
[2026-07-15T04:40:54.350+0000] {taskinstance.py:2614} INFO - Dependencies all met for dep_context=non-requeueable deps ti=<TaskInstance: healthcare_pipeline.load_raw_to_warehouse manual__2026-07-15T04:40:33.657720+00:00 [queued]>
[2026-07-15T04:40:54.354+0000] {taskinstance.py:2614} INFO - Dependencies all met for dep_context=requeueable deps ti=<TaskInstance: healthcare_pipeline.load_raw_to_warehouse manual__2026-07-15T04:40:33.657720+00:00 [queued]>
[2026-07-15T04:40:54.354+0000] {taskinstance.py:2867} INFO - Starting attempt 1 of 1
[2026-07-15T04:40:54.358+0000] {taskinstance.py:2890} INFO - Executing <Task(BashOperator): load_raw_to_warehouse> on 2026-07-15 04:40:33.657720+00:00
[2026-07-15T04:40:54.360+0000] {standard_task_runner.py:72} INFO - Started process 398 to run task
[2026-07-15T04:40:54.361+0000] {standard_task_runner.py:104} INFO - Running: ['***', 'tasks', 'run', 'healthcare_pipeline', 'load_raw_to_warehouse', 'manual__2026-07-15T04:40:33.657720+00:00', '--job-id', '292', '--raw', '--subdir', 'DAGS_FOLDER/healthcare_pipeline.py', '--cfg-path', '/tmp/tmpmoeksla4']
[2026-07-15T04:40:54.362+0000] {standard_task_runner.py:105} INFO - Job 292: Subtask load_raw_to_warehouse
[2026-07-15T04:40:54.384+0000] {task_command.py:467} INFO - Running <TaskInstance: healthcare_pipeline.load_raw_to_warehouse manual__2026-07-15T04:40:33.657720+00:00 [running]> on host 731f2df5a779
[2026-07-15T04:40:54.417+0000] {taskinstance.py:3134} INFO - Exporting env vars: AIRFLOW_CTX_DAG_OWNER='***' AIRFLOW_CTX_DAG_ID='healthcare_pipeline' AIRFLOW_CTX_TASK_ID='load_raw_to_warehouse' AIRFLOW_CTX_EXECUTION_DATE='2026-07-15T04:40:33.657720+00:00' AIRFLOW_CTX_TRY_NUMBER='1' AIRFLOW_CTX_DAG_RUN_ID='manual__2026-07-15T04:40:33.657720+00:00'
[2026-07-15T04:40:54.417+0000] {taskinstance.py:732} INFO - ::endgroup::
[2026-07-15T04:40:54.424+0000] {subprocess.py:78} INFO - Tmp dir root location: /tmp
[2026-07-15T04:40:54.424+0000] {subprocess.py:88} INFO - Running command: ['/usr/bin/bash', '-c', '\n        python /opt/***/src/extract/load_raw_to_warehouse.py\n        ']
[2026-07-15T04:40:54.427+0000] {subprocess.py:99} INFO - Output:
[2026-07-15T04:41:03.032+0000] {subprocess.py:106} INFO - Loading raw_patients.csv -> table 'raw_patients' (raw, untransformed) ...
[2026-07-15T04:41:03.032+0000] {subprocess.py:106} INFO -   Loaded 1186 rows into 'raw_patients'
[2026-07-15T04:41:03.032+0000] {subprocess.py:106} INFO - Loading raw_encounters.csv -> table 'raw_encounters' (raw, untransformed) ...
[2026-07-15T04:41:03.033+0000] {subprocess.py:106} INFO -   Loaded 76295 rows into 'raw_encounters'
[2026-07-15T04:41:03.033+0000] {subprocess.py:106} INFO - Loading raw_providers.csv -> table 'raw_providers' (raw, untransformed) ...
[2026-07-15T04:41:03.033+0000] {subprocess.py:106} INFO -   Loaded 851 rows into 'raw_providers'
[2026-07-15T04:41:03.033+0000] {subprocess.py:106} INFO - Loading raw_payers.csv -> table 'raw_payers' (raw, untransformed) ...
[2026-07-15T04:41:03.033+0000] {subprocess.py:106} INFO -   Loaded 10 rows into 'raw_payers'
[2026-07-15T04:41:03.033+0000] {subprocess.py:106} INFO - Loading raw_observations.csv -> table 'raw_observations' (raw, untransformed) ...
[2026-07-15T04:41:03.033+0000] {subprocess.py:106} INFO -   Loaded 100 rows into 'raw_observations'
[2026-07-15T04:41:03.034+0000] {subprocess.py:106} INFO - Loading raw_claims.csv -> table 'raw_claims' (raw, untransformed) ...
[2026-07-15T04:41:03.034+0000] {subprocess.py:106} INFO -   Loaded 100 rows into 'raw_claims'
[2026-07-15T04:41:03.034+0000] {subprocess.py:106} INFO - Loading raw_organizations.csv -> table 'raw_organizations' (raw, untransformed) ...
[2026-07-15T04:41:03.034+0000] {subprocess.py:106} INFO -   Loaded 851 rows into 'raw_organizations'
[2026-07-15T04:41:03.034+0000] {subprocess.py:106} INFO - 
[2026-07-15T04:41:03.034+0000] {subprocess.py:106} INFO - Done. All 7 raw tables loaded into healthcare_dw.
[2026-07-15T04:41:03.076+0000] {subprocess.py:110} INFO - Command exited with return code 0
[2026-07-15T04:41:03.092+0000] {taskinstance.py:341} INFO - ::group::Post task execution logs
[2026-07-15T04:41:03.092+0000] {taskinstance.py:353} INFO - Marking task as SUCCESS. dag_id=healthcare_pipeline, task_id=load_raw_to_warehouse, run_id=manual__2026-07-15T04:40:33.657720+00:00, execution_date=20260715T044033, start_date=20260715T044054, end_date=20260715T044103
[2026-07-15T04:41:03.152+0000] {local_task_job_runner.py:266} INFO - Task exited with return code 0
[2026-07-15T04:41:03.165+0000] {taskinstance.py:3901} INFO - 1 downstream tasks scheduled from follow-on schedule check
[2026-07-15T04:41:03.166+0000] {local_task_job_runner.py:245} INFO - ::endgroup::
