[2026-07-14T15:27:18.473+0000] {local_task_job_runner.py:123} INFO - ::group::Pre task execution logs
[2026-07-14T15:27:18.482+0000] {taskinstance.py:2614} INFO - Dependencies all met for dep_context=non-requeueable deps ti=<TaskInstance: healthcare_pipeline.load_raw_to_warehouse manual__2026-07-14T15:26:58.173460+00:00 [queued]>
[2026-07-14T15:27:18.486+0000] {taskinstance.py:2614} INFO - Dependencies all met for dep_context=requeueable deps ti=<TaskInstance: healthcare_pipeline.load_raw_to_warehouse manual__2026-07-14T15:26:58.173460+00:00 [queued]>
[2026-07-14T15:27:18.486+0000] {taskinstance.py:2867} INFO - Starting attempt 1 of 1
[2026-07-14T15:27:18.490+0000] {taskinstance.py:2890} INFO - Executing <Task(BashOperator): load_raw_to_warehouse> on 2026-07-14 15:26:58.173460+00:00
[2026-07-14T15:27:18.492+0000] {standard_task_runner.py:72} INFO - Started process 1840 to run task
[2026-07-14T15:27:18.493+0000] {standard_task_runner.py:104} INFO - Running: ['***', 'tasks', 'run', 'healthcare_pipeline', 'load_raw_to_warehouse', 'manual__2026-07-14T15:26:58.173460+00:00', '--job-id', '255', '--raw', '--subdir', 'DAGS_FOLDER/healthcare_pipeline.py', '--cfg-path', '/tmp/tmpviu1v2zu']
[2026-07-14T15:27:18.494+0000] {standard_task_runner.py:105} INFO - Job 255: Subtask load_raw_to_warehouse
[2026-07-14T15:27:18.516+0000] {task_command.py:467} INFO - Running <TaskInstance: healthcare_pipeline.load_raw_to_warehouse manual__2026-07-14T15:26:58.173460+00:00 [running]> on host 94b22ff46e29
[2026-07-14T15:27:18.549+0000] {taskinstance.py:3134} INFO - Exporting env vars: AIRFLOW_CTX_DAG_OWNER='***' AIRFLOW_CTX_DAG_ID='healthcare_pipeline' AIRFLOW_CTX_TASK_ID='load_raw_to_warehouse' AIRFLOW_CTX_EXECUTION_DATE='2026-07-14T15:26:58.173460+00:00' AIRFLOW_CTX_TRY_NUMBER='1' AIRFLOW_CTX_DAG_RUN_ID='manual__2026-07-14T15:26:58.173460+00:00'
[2026-07-14T15:27:18.549+0000] {taskinstance.py:732} INFO - ::endgroup::
[2026-07-14T15:27:18.555+0000] {subprocess.py:78} INFO - Tmp dir root location: /tmp
[2026-07-14T15:27:18.556+0000] {subprocess.py:88} INFO - Running command: ['/usr/bin/bash', '-c', '\n        python /opt/***/src/extract/load_raw_to_warehouse.py\n        ']
[2026-07-14T15:27:18.559+0000] {subprocess.py:99} INFO - Output:
[2026-07-14T15:27:27.463+0000] {subprocess.py:106} INFO - Loading raw_patients.csv -> table 'raw_patients' (raw, untransformed) ...
[2026-07-14T15:27:27.463+0000] {subprocess.py:106} INFO -   Loaded 1186 rows into 'raw_patients'
[2026-07-14T15:27:27.463+0000] {subprocess.py:106} INFO - Loading raw_encounters.csv -> table 'raw_encounters' (raw, untransformed) ...
[2026-07-14T15:27:27.463+0000] {subprocess.py:106} INFO -   Loaded 76295 rows into 'raw_encounters'
[2026-07-14T15:27:27.463+0000] {subprocess.py:106} INFO - Loading raw_providers.csv -> table 'raw_providers' (raw, untransformed) ...
[2026-07-14T15:27:27.463+0000] {subprocess.py:106} INFO -   Loaded 851 rows into 'raw_providers'
[2026-07-14T15:27:27.463+0000] {subprocess.py:106} INFO - Loading raw_payers.csv -> table 'raw_payers' (raw, untransformed) ...
[2026-07-14T15:27:27.464+0000] {subprocess.py:106} INFO -   Loaded 10 rows into 'raw_payers'
[2026-07-14T15:27:27.464+0000] {subprocess.py:106} INFO - Loading raw_observations.csv -> table 'raw_observations' (raw, untransformed) ...
[2026-07-14T15:27:27.464+0000] {subprocess.py:106} INFO -   Loaded 100 rows into 'raw_observations'
[2026-07-14T15:27:27.464+0000] {subprocess.py:106} INFO - Loading raw_claims.csv -> table 'raw_claims' (raw, untransformed) ...
[2026-07-14T15:27:27.464+0000] {subprocess.py:106} INFO -   Loaded 100 rows into 'raw_claims'
[2026-07-14T15:27:27.464+0000] {subprocess.py:106} INFO - Loading raw_organizations.csv -> table 'raw_organizations' (raw, untransformed) ...
[2026-07-14T15:27:27.464+0000] {subprocess.py:106} INFO -   Loaded 851 rows into 'raw_organizations'
[2026-07-14T15:27:27.464+0000] {subprocess.py:106} INFO - 
[2026-07-14T15:27:27.464+0000] {subprocess.py:106} INFO - Done. All 7 raw tables loaded into healthcare_dw.
[2026-07-14T15:27:27.505+0000] {subprocess.py:110} INFO - Command exited with return code 0
[2026-07-14T15:27:27.519+0000] {taskinstance.py:341} INFO - ::group::Post task execution logs
[2026-07-14T15:27:27.519+0000] {taskinstance.py:353} INFO - Marking task as SUCCESS. dag_id=healthcare_pipeline, task_id=load_raw_to_warehouse, run_id=manual__2026-07-14T15:26:58.173460+00:00, execution_date=20260714T152658, start_date=20260714T152718, end_date=20260714T152727
[2026-07-14T15:27:27.541+0000] {local_task_job_runner.py:266} INFO - Task exited with return code 0
[2026-07-14T15:27:27.550+0000] {taskinstance.py:3901} INFO - 1 downstream tasks scheduled from follow-on schedule check
[2026-07-14T15:27:27.551+0000] {local_task_job_runner.py:245} INFO - ::endgroup::
