[2026-07-12T16:26:48.653+0000] {local_task_job_runner.py:123} INFO - ::group::Pre task execution logs
[2026-07-12T16:26:48.662+0000] {taskinstance.py:2614} INFO - Dependencies all met for dep_context=non-requeueable deps ti=<TaskInstance: healthcare_pipeline.dbt_run manual__2026-07-12T16:26:17.871443+00:00 [queued]>
[2026-07-12T16:26:48.666+0000] {taskinstance.py:2614} INFO - Dependencies all met for dep_context=requeueable deps ti=<TaskInstance: healthcare_pipeline.dbt_run manual__2026-07-12T16:26:17.871443+00:00 [queued]>
[2026-07-12T16:26:48.666+0000] {taskinstance.py:2867} INFO - Starting attempt 1 of 1
[2026-07-12T16:26:48.670+0000] {taskinstance.py:2890} INFO - Executing <Task(BashOperator): dbt_run> on 2026-07-12 16:26:17.871443+00:00
[2026-07-12T16:26:48.672+0000] {standard_task_runner.py:72} INFO - Started process 872 to run task
[2026-07-12T16:26:48.674+0000] {standard_task_runner.py:104} INFO - Running: ['***', 'tasks', 'run', 'healthcare_pipeline', 'dbt_run', 'manual__2026-07-12T16:26:17.871443+00:00', '--job-id', '238', '--raw', '--subdir', 'DAGS_FOLDER/healthcare_pipeline.py', '--cfg-path', '/tmp/tmpfy6k_m0e']
[2026-07-12T16:26:48.675+0000] {standard_task_runner.py:105} INFO - Job 238: Subtask dbt_run
[2026-07-12T16:26:48.699+0000] {task_command.py:467} INFO - Running <TaskInstance: healthcare_pipeline.dbt_run manual__2026-07-12T16:26:17.871443+00:00 [running]> on host 94b22ff46e29
[2026-07-12T16:26:48.763+0000] {taskinstance.py:3134} INFO - Exporting env vars: AIRFLOW_CTX_DAG_OWNER='***' AIRFLOW_CTX_DAG_ID='healthcare_pipeline' AIRFLOW_CTX_TASK_ID='dbt_run' AIRFLOW_CTX_EXECUTION_DATE='2026-07-12T16:26:17.871443+00:00' AIRFLOW_CTX_TRY_NUMBER='1' AIRFLOW_CTX_DAG_RUN_ID='manual__2026-07-12T16:26:17.871443+00:00'
[2026-07-12T16:26:48.764+0000] {taskinstance.py:732} INFO - ::endgroup::
[2026-07-12T16:26:48.771+0000] {subprocess.py:78} INFO - Tmp dir root location: /tmp
[2026-07-12T16:26:48.771+0000] {subprocess.py:88} INFO - Running command: ['/usr/bin/bash', '-c', 'cd /opt/***/dbt_project && dbt run']
[2026-07-12T16:26:48.775+0000] {subprocess.py:99} INFO - Output:
[2026-07-12T16:26:49.890+0000] {subprocess.py:106} INFO - [0m16:26:49  Running with dbt=1.12.0-rc1
[2026-07-12T16:26:49.999+0000] {subprocess.py:106} INFO - [0m16:26:49  Registered adapter: postgres=1.10.2
[2026-07-12T16:26:50.083+0000] {subprocess.py:106} INFO - [0m16:26:50  Unable to do partial parsing because profile has changed
[2026-07-12T16:26:50.605+0000] {subprocess.py:106} INFO - [0m16:26:50  [[33mWARNING[0m]: Configuration paths exist in your dbt_project.yml file which do not apply to any resources.
[2026-07-12T16:26:50.605+0000] {subprocess.py:106} INFO - There are 1 unused configuration paths:
[2026-07-12T16:26:50.605+0000] {subprocess.py:106} INFO - - models.dbt_project.example
[2026-07-12T16:26:50.669+0000] {subprocess.py:106} INFO - [0m16:26:50  Found 16 models, 7 sources, 475 macros
[2026-07-12T16:26:50.670+0000] {subprocess.py:106} INFO - [0m16:26:50
[2026-07-12T16:26:50.671+0000] {subprocess.py:106} INFO - [0m16:26:50  Concurrency: 4 threads (target='dev')
[2026-07-12T16:26:50.671+0000] {subprocess.py:106} INFO - [0m16:26:50
[2026-07-12T16:26:50.728+0000] {subprocess.py:106} INFO - [0m16:26:50  1 of 16 START sql view model public.dim_date ................................... [RUN]
[2026-07-12T16:26:50.728+0000] {subprocess.py:106} INFO - [0m16:26:50  2 of 16 START sql view model public.stg_claims ................................. [RUN]
[2026-07-12T16:26:50.728+0000] {subprocess.py:106} INFO - [0m16:26:50  3 of 16 START sql view model public.stg_encounters ............................. [RUN]
[2026-07-12T16:26:50.729+0000] {subprocess.py:106} INFO - [0m16:26:50  4 of 16 START sql view model public.stg_observations ........................... [RUN]
[2026-07-12T16:26:50.823+0000] {subprocess.py:106} INFO - [0m16:26:50  1 of 16 OK created sql view model public.dim_date .............................. [[32mCREATE VIEW[0m in 0.09s]
[2026-07-12T16:26:50.824+0000] {subprocess.py:106} INFO - [0m16:26:50  2 of 16 OK created sql view model public.stg_claims ............................ [[32mCREATE VIEW[0m in 0.09s]
[2026-07-12T16:26:50.824+0000] {subprocess.py:106} INFO - [0m16:26:50  3 of 16 OK created sql view model public.stg_encounters ........................ [[32mCREATE VIEW[0m in 0.09s]
[2026-07-12T16:26:50.824+0000] {subprocess.py:106} INFO - [0m16:26:50  4 of 16 OK created sql view model public.stg_observations ...................... [[32mCREATE VIEW[0m in 0.09s]
[2026-07-12T16:26:50.827+0000] {subprocess.py:106} INFO - [0m16:26:50  5 of 16 START sql view model public.stg_organizations .......................... [RUN]
[2026-07-12T16:26:50.827+0000] {subprocess.py:106} INFO - [0m16:26:50  6 of 16 START sql view model public.stg_patients ............................... [RUN]
[2026-07-12T16:26:50.827+0000] {subprocess.py:106} INFO - [0m16:26:50  7 of 16 START sql view model public.stg_payers ................................. [RUN]
[2026-07-12T16:26:50.828+0000] {subprocess.py:106} INFO - [0m16:26:50  8 of 16 START sql view model public.stg_providers .............................. [RUN]
[2026-07-12T16:26:50.921+0000] {subprocess.py:106} INFO - [0m16:26:50  5 of 16 OK created sql view model public.stg_organizations ..................... [[32mCREATE VIEW[0m in 0.09s]
[2026-07-12T16:26:50.926+0000] {subprocess.py:106} INFO - [0m16:26:50  6 of 16 OK created sql view model public.stg_patients .......................... [[32mCREATE VIEW[0m in 0.10s]
[2026-07-12T16:26:50.926+0000] {subprocess.py:106} INFO - [0m16:26:50  9 of 16 START sql view model public.fact_claim_line ............................ [RUN]
[2026-07-12T16:26:50.927+0000] {subprocess.py:106} INFO - [0m16:26:50  8 of 16 OK created sql view model public.stg_providers ......................... [[32mCREATE VIEW[0m in 0.10s]
[2026-07-12T16:26:50.927+0000] {subprocess.py:106} INFO - [0m16:26:50  7 of 16 OK created sql view model public.stg_payers ............................ [[32mCREATE VIEW[0m in 0.10s]
[2026-07-12T16:26:50.929+0000] {subprocess.py:106} INFO - [0m16:26:50  10 of 16 START sql view model public.fact_encounter ............................ [RUN]
[2026-07-12T16:26:50.931+0000] {subprocess.py:106} INFO - [0m16:26:50  11 of 16 START sql view model public.fact_lab_result ........................... [RUN]
[2026-07-12T16:26:50.932+0000] {subprocess.py:106} INFO - [0m16:26:50  12 of 16 START sql view model public.dim_facility .............................. [RUN]
[2026-07-12T16:26:50.981+0000] {subprocess.py:106} INFO - [0m16:26:50  9 of 16 OK created sql view model public.fact_claim_line ....................... [[32mCREATE VIEW[0m in 0.05s]
[2026-07-12T16:26:50.985+0000] {subprocess.py:106} INFO - [0m16:26:50  12 of 16 OK created sql view model public.dim_facility ......................... [[32mCREATE VIEW[0m in 0.05s]
[2026-07-12T16:26:50.986+0000] {subprocess.py:106} INFO - [0m16:26:50  11 of 16 OK created sql view model public.fact_lab_result ...................... [[32mCREATE VIEW[0m in 0.05s]
[2026-07-12T16:26:50.986+0000] {subprocess.py:106} INFO - [0m16:26:50  10 of 16 OK created sql view model public.fact_encounter ....................... [[32mCREATE VIEW[0m in 0.05s]
[2026-07-12T16:26:50.986+0000] {subprocess.py:106} INFO - [0m16:26:50  13 of 16 START sql view model public.dim_patient ............................... [RUN]
[2026-07-12T16:26:50.989+0000] {subprocess.py:106} INFO - [0m16:26:50  14 of 16 START sql view model public.dim_provider .............................. [RUN]
[2026-07-12T16:26:50.989+0000] {subprocess.py:106} INFO - [0m16:26:50  15 of 16 START sql view model public.dim_insurance_plan ........................ [RUN]
[2026-07-12T16:26:50.990+0000] {subprocess.py:106} INFO - [0m16:26:50  16 of 16 START sql view model public.vw_length_of_stay_by_facility ............. [RUN]
[2026-07-12T16:26:51.041+0000] {subprocess.py:106} INFO - [0m16:26:51  13 of 16 OK created sql view model public.dim_patient .......................... [[32mCREATE VIEW[0m in 0.05s]
[2026-07-12T16:26:51.041+0000] {subprocess.py:106} INFO - [0m16:26:51  15 of 16 OK created sql view model public.dim_insurance_plan ................... [[32mCREATE VIEW[0m in 0.05s]
[2026-07-12T16:26:51.042+0000] {subprocess.py:106} INFO - [0m16:26:51  14 of 16 OK created sql view model public.dim_provider ......................... [[32mCREATE VIEW[0m in 0.05s]
[2026-07-12T16:26:51.042+0000] {subprocess.py:106} INFO - [0m16:26:51  16 of 16 OK created sql view model public.vw_length_of_stay_by_facility ........ [[32mCREATE VIEW[0m in 0.05s]
[2026-07-12T16:26:51.050+0000] {subprocess.py:106} INFO - [0m16:26:51
[2026-07-12T16:26:51.051+0000] {subprocess.py:106} INFO - [0m16:26:51  Finished running 16 view models in 0 hours 0 minutes and 0.38 seconds (0.38s).
[2026-07-12T16:26:51.080+0000] {subprocess.py:106} INFO - [0m16:26:51
[2026-07-12T16:26:51.080+0000] {subprocess.py:106} INFO - [0m16:26:51  [32mCompleted successfully[0m
[2026-07-12T16:26:51.080+0000] {subprocess.py:106} INFO - [0m16:26:51
[2026-07-12T16:26:51.080+0000] {subprocess.py:106} INFO - [0m16:26:51  Done. PASS=16 WARN=0 ERROR=0 SKIP=0 NO-OP=0 REUSED=0 TOTAL=16
[2026-07-12T16:26:53.393+0000] {subprocess.py:110} INFO - Command exited with return code 0
[2026-07-12T16:26:53.410+0000] {taskinstance.py:341} INFO - ::group::Post task execution logs
[2026-07-12T16:26:53.410+0000] {taskinstance.py:353} INFO - Marking task as SUCCESS. dag_id=healthcare_pipeline, task_id=dbt_run, run_id=manual__2026-07-12T16:26:17.871443+00:00, execution_date=20260712T162617, start_date=20260712T162648, end_date=20260712T162653
[2026-07-12T16:26:53.457+0000] {local_task_job_runner.py:266} INFO - Task exited with return code 0
[2026-07-12T16:26:53.466+0000] {taskinstance.py:3901} INFO - 0 downstream tasks scheduled from follow-on schedule check
[2026-07-12T16:26:53.467+0000] {local_task_job_runner.py:245} INFO - ::endgroup::
